[2m2025-03-01T04:47:55.099641Z[0m [31mERROR[0m [2mglazewm[0m[2m:[0m Command doesn't have an ending `"`: '"C:\Program Files\Mozilla Firefox\firefox.exe"'.
[2m2025-03-05T19:17:12.941463Z[0m [31mERROR[0m [2mglazewm[0m[2m:[0m Access is denied. (0x80070005)
[2m2025-03-06T19:10:12.667589Z[0m [31mERROR[0m [2mglazewm[0m[2m:[0m general.cursor_jump: duplicate field `trigger` at line 23 column 5
[2m2025-03-06T19:10:18.577870Z[0m [31mERROR[0m [2mglazewm[0m[2m:[0m general.cursor_jump: duplicate field `trigger` at line 23 column 5
[2m2025-03-06T19:10:37.005611Z[0m [31mERROR[0m [2mglazewm[0m[2m:[0m general.cursor_jump: duplicate field `trigger` at line 23 column 5
[2m2025-03-06T19:11:35.901517Z[0m [31mERROR[0m [2mglazewm[0m[2m:[0m general.cursor_jump: duplicate field `trigger` at line 23 column 5
[2m2025-03-06T19:13:40.466016Z[0m [31mERROR[0m [2mglazewm[0m[2m:[0m Failed to execute 'Librewolf'.

Error: The operation was canceled by the user. (0x800704C7)
[2m2025-03-06T19:13:54.020447Z[0m [31mERROR[0m [2mglazewm[0m[2m:[0m Failed to execute 'Librewolf'.

Error: The operation was canceled by the user. (0x800704C7)
[2m2025-03-06T19:14:00.435046Z[0m [31mERROR[0m [2mglazewm[0m[2m:[0m Failed to execute 'librewolf'.

Error: The operation was canceled by the user. (0x800704C7)
[2m2025-03-06T19:14:28.847714Z[0m [31mERROR[0m [2mglazewm[0m[2m:[0m Failed to execute 'LibreWolf'.

Error: The operation was canceled by the user. (0x800704C7)
[2m2025-03-06T19:18:14.673193Z[0m [31mERROR[0m [2mglazewm[0m[2m:[0m Failed to execute 'librewolf.exe'.

Error: The operation was canceled by the user. (0x800704C7)
[2m2025-03-06T19:18:34.300418Z[0m [31mERROR[0m [2mglazewm[0m[2m:[0m Failed to execute 'librewolf'.

Error: The operation was canceled by the user. (0x800704C7)
[2m2025-03-06T19:23:05.236998Z[0m [31mERROR[0m [2mglazewm[0m[2m:[0m Failed to execute 'LibreWolf'.

Error: The operation was canceled by the user. (0x800704C7)
[2m2025-03-06T19:41:39.160262Z[0m [31mERROR[0m [2mglazewm[0m[2m:[0m Failed to execute 'PATH "C:\Program Files\LibreWolf\librewolf.exe"'.

Error: The operation was canceled by the user. (0x800704C7)
[2m2025-03-06T19:41:55.799440Z[0m [31mERROR[0m [2mglazewm[0m[2m:[0m Failed to execute 'path "C:\Program Files\LibreWolf\librewolf.exe"'.

Error: The operation was canceled by the user. (0x800704C7)
[2m2025-03-15T00:42:08.887797Z[0m [31mERROR[0m [2mglazewm[0m[2m:[0m channel closed
[2m2025-03-15T00:42:12.655119Z[0m [31mERROR[0m [2mglazewm[0m[2m:[0m channel closed
[2m2025-03-15T00:42:14.086460Z[0m [31mERROR[0m [2mglazewm[0m[2m:[0m channel closed
[2m2025-03-15T00:42:14.853706Z[0m [31mERROR[0m [2mglazewm[0m[2m:[0m channel closed
[2m2025-03-15T00:42:15.502347Z[0m [31mERROR[0m [2mglazewm[0m[2m:[0m channel closed
[2m2025-03-15T00:42:15.890328Z[0m [31mERROR[0m [2mglazewm[0m[2m:[0m channel closed
[2m2025-03-16T00:23:42.525758Z[0m [31mERROR[0m [2mglazewm[0m[2m:[0m channel closed
[2m2025-03-16T00:23:49.542189Z[0m [31mERROR[0m [2mglazewm[0m[2m:[0m channel closed
[2m2025-03-16T00:23:50.342796Z[0m [31mERROR[0m [2mglazewm[0m[2m:[0m channel closed
[2m2025-03-16T21:39:10.931011Z[0m [31mERROR[0m [2mglazewm[0m[2m:[0m channel closed
[2m2025-03-16T23:19:38.806922Z[0m [31mERROR[0m [2mglazewm[0m[2m:[0m channel closed
[2m2025-03-16T23:19:39.703929Z[0m [31mERROR[0m [2mglazewm[0m[2m:[0m channel closed
[2m2025-03-16T23:19:47.585106Z[0m [31mERROR[0m [2mglazewm[0m[2m:[0m channel closed
[2m2025-03-16T23:19:48.541805Z[0m [31mERROR[0m [2mglazewm[0m[2m:[0m channel closed
[2m2025-03-16T23:19:49.277399Z[0m [31mERROR[0m [2mglazewm[0m[2m:[0m channel closed
[2m2025-03-18T20:27:46.354356Z[0m [31mERROR[0m [2mglazewm[0m[2m:[0m channel closed
[2m2025-03-18T20:27:47.128962Z[0m [31mERROR[0m [2mglazewm[0m[2m:[0m channel closed
[2m2025-03-18T20:27:47.792346Z[0m [31mERROR[0m [2mglazewm[0m[2m:[0m channel closed
[2m2025-03-18T20:27:48.059745Z[0m [31mERROR[0m [2mglazewm[0m[2m:[0m channel closed
[2m2025-03-18T20:27:48.331260Z[0m [31mERROR[0m [2mglazewm[0m[2m:[0m channel closed
[2m2025-03-18T20:27:48.503409Z[0m [31mERROR[0m [2mglazewm[0m[2m:[0m channel closed
[2m2025-03-18T20:27:48.836870Z[0m [31mERROR[0m [2mglazewm[0m[2m:[0m channel closed
[2m2025-03-18T20:27:48.934339Z[0m [31mERROR[0m [2mglazewm[0m[2m:[0m channel closed
[2m2025-03-18T20:27:49.213122Z[0m [31mERROR[0m [2mglazewm[0m[2m:[0m channel closed
[2m2025-03-18T20:27:50.766681Z[0m [31mERROR[0m [2mglazewm[0m[2m:[0m channel closed
[2m2025-03-20T15:17:58.148579Z[0m [31mERROR[0m [2mglazewm[0m[2m:[0m channel closed
[2m2025-03-20T18:03:27.635911Z[0m [31mERROR[0m [2mglazewm[0m[2m:[0m channel closed
[2m2025-03-20T18:03:28.444651Z[0m [31mERROR[0m [2mglazewm[0m[2m:[0m channel closed
[2m2025-03-20T18:03:29.069393Z[0m [31mERROR[0m [2mglazewm[0m[2m:[0m channel closed
[2m2025-03-20T18:03:29.838001Z[0m [31mERROR[0m [2mglazewm[0m[2m:[0m channel closed
[2m2025-03-20T18:03:37.593465Z[0m [31mERROR[0m [2mglazewm[0m[2m:[0m channel closed
[2m2025-03-24T11:39:45.408439Z[0m [31mERROR[0m [2mglazewm[0m[2m:[0m channel closed
[2m2025-03-24T12:51:54.738969Z[0m [31mERROR[0m [2mglazewm[0m[2m:[0m channel closed
[2m2025-03-24T12:51:55.917188Z[0m [31mERROR[0m [2mglazewm[0m[2m:[0m channel closed
[2m2025-03-24T12:51:56.161580Z[0m [31mERROR[0m [2mglazewm[0m[2m:[0m channel closed
[2m2025-03-24T12:51:56.344603Z[0m [31mERROR[0m [2mglazewm[0m[2m:[0m channel closed
[2m2025-03-24T12:51:56.517428Z[0m [31mERROR[0m [2mglazewm[0m[2m:[0m channel closed
[2m2025-03-24T12:51:56.683572Z[0m [31mERROR[0m [2mglazewm[0m[2m:[0m channel closed
[2m2025-03-24T12:51:56.873112Z[0m [31mERROR[0m [2mglazewm[0m[2m:[0m channel closed
[2m2025-03-24T12:51:57.057161Z[0m [31mERROR[0m [2mglazewm[0m[2m:[0m channel closed
[2m2025-03-24T12:51:57.222651Z[0m [31mERROR[0m [2mglazewm[0m[2m:[0m channel closed
[2m2025-03-24T12:51:57.401369Z[0m [31mERROR[0m [2mglazewm[0m[2m:[0m channel closed
[2m2025-03-24T12:51:57.589159Z[0m [31mERROR[0m [2mglazewm[0m[2m:[0m channel closed
[2m2025-03-26T18:12:10.333381Z[0m [31mERROR[0m [2mglazewm[0m[2m:[0m channel closed
[2m2025-03-27T16:10:04.989324Z[0m [31mERROR[0m [2mglazewm[0m[2m:[0m channel closed
[2m2025-03-27T16:10:06.400348Z[0m [31mERROR[0m [2mglazewm[0m[2m:[0m channel closed
[2m2025-03-27T16:10:06.583272Z[0m [31mERROR[0m [2mglazewm[0m[2m:[0m channel closed
[2m2025-03-27T16:10:06.771230Z[0m [31mERROR[0m [2mglazewm[0m[2m:[0m channel closed
[2m2025-03-27T16:10:07.005903Z[0m [31mERROR[0m [2mglazewm[0m[2m:[0m channel closed
[2m2025-03-27T16:10:07.187706Z[0m [31mERROR[0m [2mglazewm[0m[2m:[0m channel closed
[2m2025-03-27T16:10:07.381185Z[0m [31mERROR[0m [2mglazewm[0m[2m:[0m channel closed
[2m2025-03-27T16:10:07.581721Z[0m [31mERROR[0m [2mglazewm[0m[2m:[0m channel closed
[2m2025-03-27T16:10:07.770944Z[0m [31mERROR[0m [2mglazewm[0m[2m:[0m channel closed
[2m2025-03-27T16:10:07.946904Z[0m [31mERROR[0m [2mglazewm[0m[2m:[0m channel closed
[2m2025-03-27T16:10:08.126676Z[0m [31mERROR[0m [2mglazewm[0m[2m:[0m channel closed
[2m2025-03-27T16:10:08.303860Z[0m [31mERROR[0m [2mglazewm[0m[2m:[0m channel closed
[2m2025-03-27T16:10:08.474637Z[0m [31mERROR[0m [2mglazewm[0m[2m:[0m channel closed
[2m2025-03-27T16:10:08.647383Z[0m [31mERROR[0m [2mglazewm[0m[2m:[0m channel closed
[2m2025-03-27T16:10:08.835342Z[0m [31mERROR[0m [2mglazewm[0m[2m:[0m channel closed
[2m2025-03-27T16:10:09.013548Z[0m [31mERROR[0m [2mglazewm[0m[2m:[0m channel closed
[2m2025-03-27T16:10:09.188950Z[0m [31mERROR[0m [2mglazewm[0m[2m:[0m channel closed
[2m2025-03-27T16:10:09.365559Z[0m [31mERROR[0m [2mglazewm[0m[2m:[0m channel closed
[2m2025-03-27T16:10:09.543185Z[0m [31mERROR[0m [2mglazewm[0m[2m:[0m channel closed
[2m2025-03-27T16:10:09.729533Z[0m [31mERROR[0m [2mglazewm[0m[2m:[0m channel closed
[2m2025-03-27T16:10:09.898068Z[0m [31mERROR[0m [2mglazewm[0m[2m:[0m channel closed
[2m2025-03-27T16:10:10.075676Z[0m [31mERROR[0m [2mglazewm[0m[2m:[0m channel closed
[2m2025-03-27T16:10:10.267238Z[0m [31mERROR[0m [2mglazewm[0m[2m:[0m channel closed
[2m2025-03-27T16:10:10.455319Z[0m [31mERROR[0m [2mglazewm[0m[2m:[0m channel closed
[2m2025-03-27T16:10:10.638029Z[0m [31mERROR[0m [2mglazewm[0m[2m:[0m channel closed
[2m2025-03-27T16:10:10.807571Z[0m [31mERROR[0m [2mglazewm[0m[2m:[0m channel closed
[2m2025-03-27T16:10:12.432648Z[0m [31mERROR[0m [2mglazewm[0m[2m:[0m channel closed
[2m2025-03-27T16:10:13.239668Z[0m [31mERROR[0m [2mglazewm[0m[2m:[0m channel closed
[2m2025-03-27T16:10:13.615930Z[0m [31mERROR[0m [2mglazewm[0m[2m:[0m channel closed
[2m2025-03-27T16:10:13.794100Z[0m [31mERROR[0m [2mglazewm[0m[2m:[0m channel closed
[2m2025-03-27T16:10:14.133172Z[0m [31mERROR[0m [2mglazewm[0m[2m:[0m channel closed
[2m2025-03-27T16:10:14.314687Z[0m [31mERROR[0m [2mglazewm[0m[2m:[0m channel closed
[2m2025-03-29T16:10:42.665087Z[0m [31mERROR[0m [2mglazewm[0m[2m:[0m channel closed
[2m2025-03-29T17:34:52.753411Z[0m [31mERROR[0m [2mglazewm[0m[2m:[0m channel closed
[2m2025-03-29T17:34:53.363947Z[0m [31mERROR[0m [2mglazewm[0m[2m:[0m channel closed
[2m2025-03-29T17:34:53.868854Z[0m [31mERROR[0m [2mglazewm[0m[2m:[0m channel closed
[2m2025-03-29T17:34:54.920015Z[0m [31mERROR[0m [2mglazewm[0m[2m:[0m channel closed
[2m2025-03-29T17:34:55.714009Z[0m [31mERROR[0m [2mglazewm[0m[2m:[0m channel closed
[2m2025-03-29T17:34:56.232536Z[0m [31mERROR[0m [2mglazewm[0m[2m:[0m channel closed
[2m2025-03-29T17:34:56.487900Z[0m [31mERROR[0m [2mglazewm[0m[2m:[0m channel closed
[2m2025-03-29T17:34:56.783832Z[0m [31mERROR[0m [2mglazewm[0m[2m:[0m channel closed
[2m2025-03-29T17:34:56.937250Z[0m [31mERROR[0m [2mglazewm[0m[2m:[0m channel closed
[2m2025-03-29T17:34:57.159269Z[0m [31mERROR[0m [2mglazewm[0m[2m:[0m channel closed
[2m2025-03-29T17:34:57.567978Z[0m [31mERROR[0m [2mglazewm[0m[2m:[0m channel closed
[2m2025-03-29T17:34:58.125466Z[0m [31mERROR[0m [2mglazewm[0m[2m:[0m channel closed
[2m2025-03-29T17:34:58.389221Z[0m [31mERROR[0m [2mglazewm[0m[2m:[0m channel closed
[2m2025-03-29T17:34:58.612240Z[0m [31mERROR[0m [2mglazewm[0m[2m:[0m channel closed
[2m2025-03-30T15:34:41.704783Z[0m [31mERROR[0m [2mglazewm[0m[2m:[0m channel closed
[2m2025-04-06T07:53:31.575638Z[0m [31mERROR[0m [2mglazewm[0m[2m:[0m channel closed
[2m2025-04-06T13:58:26.639350Z[0m [31mERROR[0m [2mglazewm[0m[2m:[0m channel closed
[2m2025-04-06T13:58:39.085261Z[0m [31mERROR[0m [2mglazewm[0m[2m:[0m channel closed
[2m2025-04-06T13:58:39.497297Z[0m [31mERROR[0m [2mglazewm[0m[2m:[0m channel closed
[2m2025-04-06T13:58:39.689929Z[0m [31mERROR[0m [2mglazewm[0m[2m:[0m channel closed
[2m2025-04-06T13:58:39.878962Z[0m [31mERROR[0m [2mglazewm[0m[2m:[0m channel closed
[2m2025-04-06T13:58:40.057316Z[0m [31mERROR[0m [2mglazewm[0m[2m:[0m channel closed
[2m2025-04-06T13:58:40.253363Z[0m [31mERROR[0m [2mglazewm[0m[2m:[0m channel closed
[2m2025-04-06T13:58:40.427793Z[0m [31mERROR[0m [2mglazewm[0m[2m:[0m channel closed
[2m2025-04-06T13:58:40.620514Z[0m [31mERROR[0m [2mglazewm[0m[2m:[0m channel closed
[2m2025-04-06T13:58:40.830430Z[0m [31mERROR[0m [2mglazewm[0m[2m:[0m channel closed
[2m2025-04-06T13:58:41.013265Z[0m [31mERROR[0m [2mglazewm[0m[2m:[0m channel closed
[2m2025-04-06T13:58:41.220711Z[0m [31mERROR[0m [2mglazewm[0m[2m:[0m channel closed
[2m2025-04-06T13:58:45.895211Z[0m [31mERROR[0m [2mglazewm[0m[2m:[0m channel closed
[2m2025-04-06T13:58:46.156794Z[0m [31mERROR[0m [2mglazewm[0m[2m:[0m channel closed
[2m2025-04-06T13:58:46.404924Z[0m [31mERROR[0m [2mglazewm[0m[2m:[0m channel closed
[2m2025-04-06T13:58:46.904214Z[0m [31mERROR[0m [2mglazewm[0m[2m:[0m channel closed
[2m2025-04-06T13:58:47.462033Z[0m [31mERROR[0m [2mglazewm[0m[2m:[0m channel closed
[2m2025-04-07T11:53:37.959234Z[0m [31mERROR[0m [2mglazewm[0m[2m:[0m channel closed
[2m2025-04-07T11:55:49.632329Z[0m [31mERROR[0m [2mglazewm[0m[2m:[0m channel closed
[2m2025-04-07T11:55:55.366943Z[0m [31mERROR[0m [2mglazewm[0m[2m:[0m channel closed
[2m2025-04-07T11:55:55.537292Z[0m [31mERROR[0m [2mglazewm[0m[2m:[0m channel closed
[2m2025-04-07T11:55:55.730539Z[0m [31mERROR[0m [2mglazewm[0m[2m:[0m channel closed
[2m2025-04-07T11:55:55.934358Z[0m [31mERROR[0m [2mglazewm[0m[2m:[0m channel closed
[2m2025-04-07T11:55:56.124951Z[0m [31mERROR[0m [2mglazewm[0m[2m:[0m channel closed
[2m2025-04-07T11:55:56.342211Z[0m [31mERROR[0m [2mglazewm[0m[2m:[0m channel closed
[2m2025-04-07T11:55:56.528401Z[0m [31mERROR[0m [2mglazewm[0m[2m:[0m channel closed
[2m2025-04-08T01:55:38.266291Z[0m [31mERROR[0m [2mglazewm[0m[2m:[0m could not find expected ':' at line 101 column 1, while scanning a simple key at line 98 column 5
[2m2025-04-09T08:08:13.602698Z[0m [31mERROR[0m [2mglazewm[0m[2m:[0m channel closed
[2m2025-04-09T17:51:47.786751Z[0m [31mERROR[0m [2mglazewm[0m[2m:[0m channel closed
[2m2025-04-09T17:51:56.427415Z[0m [31mERROR[0m [2mglazewm[0m[2m:[0m channel closed
[2m2025-04-09T17:51:56.790365Z[0m [31mERROR[0m [2mglazewm[0m[2m:[0m channel closed
[2m2025-04-09T17:51:56.995187Z[0m [31mERROR[0m [2mglazewm[0m[2m:[0m channel closed
[2m2025-04-09T17:51:57.238882Z[0m [31mERROR[0m [2mglazewm[0m[2m:[0m channel closed
[2m2025-04-09T17:51:57.551878Z[0m [31mERROR[0m [2mglazewm[0m[2m:[0m channel closed
[2m2025-04-09T17:51:57.999531Z[0m [31mERROR[0m [2mglazewm[0m[2m:[0m channel closed
[2m2025-04-09T19:30:47.921917Z[0m [31mERROR[0m [2mglazewm[0m[2m:[0m channel closed
[2m2025-04-09T20:50:03.986807Z[0m [31mERROR[0m [2mglazewm[0m[2m:[0m channel closed
[2m2025-04-09T20:50:33.033459Z[0m [31mERROR[0m [2mglazewm[0m[2m:[0m channel closed
[2m2025-04-09T20:50:35.626662Z[0m [31mERROR[0m [2mglazewm[0m[2m:[0m channel closed
[2m2025-04-09T20:50:36.143786Z[0m [31mERROR[0m [2mglazewm[0m[2m:[0m channel closed
[2m2025-04-09T20:50:36.464546Z[0m [31mERROR[0m [2mglazewm[0m[2m:[0m channel closed
[2m2025-04-10T16:42:35.874237Z[0m [31mERROR[0m [2mglazewm[0m[2m:[0m channel closed
[2m2025-04-11T00:39:07.024601Z[0m [31mERROR[0m [2mglazewm[0m[2m:[0m channel closed
[2m2025-04-11T00:39:09.200625Z[0m [31mERROR[0m [2mglazewm[0m[2m:[0m channel closed
[2m2025-04-11T00:39:09.884301Z[0m [31mERROR[0m [2mglazewm[0m[2m:[0m channel closed
[2m2025-04-11T00:39:10.211641Z[0m [31mERROR[0m [2mglazewm[0m[2m:[0m channel closed
[2m2025-04-11T00:39:10.912164Z[0m [31mERROR[0m [2mglazewm[0m[2m:[0m channel closed
[2m2025-04-11T00:42:31.762528Z[0m [31mERROR[0m [2mglazewm[0m[2m:[0m channel closed
[2m2025-04-11T00:42:32.301616Z[0m [31mERROR[0m [2mglazewm[0m[2m:[0m channel closed
[2m2025-04-11T00:42:32.877300Z[0m [31mERROR[0m [2mglazewm[0m[2m:[0m channel closed
[2m2025-04-11T00:42:33.411975Z[0m [31mERROR[0m [2mglazewm[0m[2m:[0m channel closed
[2m2025-04-11T00:42:33.847699Z[0m [31mERROR[0m [2mglazewm[0m[2m:[0m channel closed
[2m2025-04-11T00:42:34.267517Z[0m [31mERROR[0m [2mglazewm[0m[2m:[0m channel closed
[2m2025-04-11T00:42:34.689680Z[0m [31mERROR[0m [2mglazewm[0m[2m:[0m channel closed
[2m2025-04-11T00:42:34.890296Z[0m [31mERROR[0m [2mglazewm[0m[2m:[0m channel closed
[2m2025-04-11T00:42:35.077784Z[0m [31mERROR[0m [2mglazewm[0m[2m:[0m channel closed
[2m2025-04-11T00:42:35.289314Z[0m [31mERROR[0m [2mglazewm[0m[2m:[0m channel closed
[2m2025-04-11T00:42:35.506018Z[0m [31mERROR[0m [2mglazewm[0m[2m:[0m channel closed
[2m2025-04-11T00:42:35.733810Z[0m [31mERROR[0m [2mglazewm[0m[2m:[0m channel closed
[2m2025-04-11T00:42:35.964305Z[0m [31mERROR[0m [2mglazewm[0m[2m:[0m channel closed
[2m2025-04-11T00:42:36.127833Z[0m [31mERROR[0m [2mglazewm[0m[2m:[0m channel closed
[2m2025-04-11T00:42:36.338981Z[0m [31mERROR[0m [2mglazewm[0m[2m:[0m channel closed
[2m2025-04-11T00:42:36.762300Z[0m [31mERROR[0m [2mglazewm[0m[2m:[0m channel closed
[2m2025-04-11T00:42:38.086039Z[0m [31mERROR[0m [2mglazewm[0m[2m:[0m channel closed
[2m2025-04-11T00:42:38.527408Z[0m [31mERROR[0m [2mglazewm[0m[2m:[0m channel closed
[2m2025-04-11T00:42:38.739451Z[0m [31mERROR[0m [2mglazewm[0m[2m:[0m channel closed
[2m2025-04-11T00:42:38.937097Z[0m [31mERROR[0m [2mglazewm[0m[2m:[0m channel closed
[2m2025-04-11T00:42:39.137839Z[0m [31mERROR[0m [2mglazewm[0m[2m:[0m channel closed
[2m2025-04-13T14:25:29.389169Z[0m [31mERROR[0m [2mglazewm[0m[2m:[0m channel closed
[2m2025-04-13T14:35:23.744756Z[0m [31mERROR[0m [2mglazewm[0m[2m:[0m Another instance of the application is already running.
[2m2025-04-13T14:35:25.599094Z[0m [31mERROR[0m [2mglazewm[0m[2m:[0m channel closed
[2m2025-04-13T14:35:25.919334Z[0m [31mERROR[0m [2mglazewm[0m[2m:[0m channel closed
[2m2025-04-13T14:35:26.130859Z[0m [31mERROR[0m [2mglazewm[0m[2m:[0m channel closed
[2m2025-04-13T14:35:26.332593Z[0m [31mERROR[0m [2mglazewm[0m[2m:[0m channel closed
[2m2025-04-13T14:35:26.493419Z[0m [31mERROR[0m [2mglazewm[0m[2m:[0m channel closed
[2m2025-04-13T14:35:26.734791Z[0m [31mERROR[0m [2mglazewm[0m[2m:[0m channel closed
[2m2025-04-13T14:35:27.025950Z[0m [31mERROR[0m [2mglazewm[0m[2m:[0m channel closed
[2m2025-04-13T14:35:27.236046Z[0m [31mERROR[0m [2mglazewm[0m[2m:[0m channel closed
[2m2025-04-13T14:35:27.456402Z[0m [31mERROR[0m [2mglazewm[0m[2m:[0m channel closed
[2m2025-04-13T14:35:27.773103Z[0m [31mERROR[0m [2mglazewm[0m[2m:[0m channel closed
[2m2025-04-13T14:35:27.976223Z[0m [31mERROR[0m [2mglazewm[0m[2m:[0m channel closed
[2m2025-04-13T14:35:28.159315Z[0m [31mERROR[0m [2mglazewm[0m[2m:[0m channel closed
[2m2025-04-13T14:35:28.344226Z[0m [31mERROR[0m [2mglazewm[0m[2m:[0m channel closed
[2m2025-04-13T14:35:28.530446Z[0m [31mERROR[0m [2mglazewm[0m[2m:[0m channel closed
[2m2025-04-13T14:35:28.734240Z[0m [31mERROR[0m [2mglazewm[0m[2m:[0m channel closed
[2m2025-04-13T14:35:28.911878Z[0m [31mERROR[0m [2mglazewm[0m[2m:[0m channel closed
[2m2025-04-13T14:35:29.146028Z[0m [31mERROR[0m [2mglazewm[0m[2m:[0m channel closed
[2m2025-04-14T16:57:00.473399Z[0m [31mERROR[0m [2mglazewm[0m[2m:[0m channel closed
[2m2025-04-14T17:44:59.575240Z[0m [31mERROR[0m [2mglazewm[0m[2m:[0m channel closed
[2m2025-04-14T17:45:01.778880Z[0m [31mERROR[0m [2mglazewm[0m[2m:[0m channel closed
[2m2025-04-14T17:45:13.371232Z[0m [31mERROR[0m [2mglazewm[0m[2m:[0m channel closed
[2m2025-04-14T17:45:13.857825Z[0m [31mERROR[0m [2mglazewm[0m[2m:[0m channel closed
[2m2025-04-14T17:45:14.075734Z[0m [31mERROR[0m [2mglazewm[0m[2m:[0m channel closed
[2m2025-04-14T17:45:14.332503Z[0m [31mERROR[0m [2mglazewm[0m[2m:[0m channel closed
[2m2025-04-14T17:45:15.531952Z[0m [31mERROR[0m [2mglazewm[0m[2m:[0m channel closed
[2m2025-04-14T17:45:15.982380Z[0m [31mERROR[0m [2mglazewm[0m[2m:[0m channel closed
[2m2025-04-14T17:45:16.238304Z[0m [31mERROR[0m [2mglazewm[0m[2m:[0m channel closed
[2m2025-04-14T17:45:16.493459Z[0m [31mERROR[0m [2mglazewm[0m[2m:[0m channel closed
[2m2025-04-14T17:45:16.845329Z[0m [31mERROR[0m [2mglazewm[0m[2m:[0m channel closed
[2m2025-04-14T17:45:17.375563Z[0m [31mERROR[0m [2mglazewm[0m[2m:[0m channel closed
[2m2025-04-14T17:45:17.858685Z[0m [31mERROR[0m [2mglazewm[0m[2m:[0m channel closed
[2m2025-04-14T17:45:18.263526Z[0m [31mERROR[0m [2mglazewm[0m[2m:[0m channel closed
[2m2025-04-14T17:45:18.946235Z[0m [31mERROR[0m [2mglazewm[0m[2m:[0m channel closed
[2m2025-04-14T17:45:19.207892Z[0m [31mERROR[0m [2mglazewm[0m[2m:[0m channel closed
[2m2025-04-14T17:45:19.403892Z[0m [31mERROR[0m [2mglazewm[0m[2m:[0m channel closed
[2m2025-04-14T17:45:19.597207Z[0m [31mERROR[0m [2mglazewm[0m[2m:[0m channel closed
[2m2025-04-14T17:45:19.800308Z[0m [31mERROR[0m [2mglazewm[0m[2m:[0m channel closed
[2m2025-04-14T17:45:20.303120Z[0m [31mERROR[0m [2mglazewm[0m[2m:[0m channel closed
[2m2025-04-14T17:45:20.490100Z[0m [31mERROR[0m [2mglazewm[0m[2m:[0m channel closed
[2m2025-04-14T17:45:20.676368Z[0m [31mERROR[0m [2mglazewm[0m[2m:[0m channel closed
[2m2025-04-14T17:45:20.865672Z[0m [31mERROR[0m [2mglazewm[0m[2m:[0m channel closed
[2m2025-04-14T17:45:21.053664Z[0m [31mERROR[0m [2mglazewm[0m[2m:[0m channel closed
[2m2025-04-14T17:45:21.232100Z[0m [31mERROR[0m [2mglazewm[0m[2m:[0m channel closed
[2m2025-04-14T17:45:21.411382Z[0m [31mERROR[0m [2mglazewm[0m[2m:[0m channel closed
[2m2025-04-14T17:45:21.594393Z[0m [31mERROR[0m [2mglazewm[0m[2m:[0m channel closed
[2m2025-04-14T17:45:21.787747Z[0m [31mERROR[0m [2mglazewm[0m[2m:[0m channel closed
[2m2025-04-14T17:45:21.982556Z[0m [31mERROR[0m [2mglazewm[0m[2m:[0m channel closed
[2m2025-04-14T17:45:22.170799Z[0m [31mERROR[0m [2mglazewm[0m[2m:[0m channel closed
[2m2025-04-14T17:45:22.392350Z[0m [31mERROR[0m [2mglazewm[0m[2m:[0m channel closed
[2m2025-04-14T17:45:22.617076Z[0m [31mERROR[0m [2mglazewm[0m[2m:[0m channel closed
[2m2025-04-14T17:45:57.921214Z[0m [31mERROR[0m [2mglazewm[0m[2m:[0m channel closed
[2m2025-04-14T17:46:20.381406Z[0m [31mERROR[0m [2mglazewm[0m[2m:[0m channel closed
[2m2025-04-14T17:46:20.920230Z[0m [31mERROR[0m [2mglazewm[0m[2m:[0m channel closed
[2m2025-04-15T07:52:55.858138Z[0m [31mERROR[0m [2mglazewm[0m[2m:[0m channel closed
[2m2025-04-15T18:04:24.746725Z[0m [31mERROR[0m [2mglazewm[0m[2m:[0m channel closed
[2m2025-04-15T18:04:25.068080Z[0m [31mERROR[0m [2mglazewm[0m[2m:[0m channel closed
[2m2025-04-15T18:04:25.142474Z[0m [31mERROR[0m [2mglazewm[0m[2m:[0m channel closed
[2m2025-04-15T18:04:30.890908Z[0m [31mERROR[0m [2mglazewm[0m[2m:[0m channel closed
[2m2025-04-15T18:04:31.453495Z[0m [31mERROR[0m [2mglazewm[0m[2m:[0m channel closed
[2m2025-04-15T18:04:31.624663Z[0m [31mERROR[0m [2mglazewm[0m[2m:[0m channel closed
[2m2025-04-15T18:04:31.821224Z[0m [31mERROR[0m [2mglazewm[0m[2m:[0m channel closed
[2m2025-04-15T18:04:31.992755Z[0m [31mERROR[0m [2mglazewm[0m[2m:[0m channel closed
[2m2025-04-15T18:04:32.187413Z[0m [31mERROR[0m [2mglazewm[0m[2m:[0m channel closed
[2m2025-04-15T18:04:32.518653Z[0m [31mERROR[0m [2mglazewm[0m[2m:[0m channel closed
[2m2025-04-15T18:04:32.692511Z[0m [31mERROR[0m [2mglazewm[0m[2m:[0m channel closed
[2m2025-04-15T18:04:33.028518Z[0m [31mERROR[0m [2mglazewm[0m[2m:[0m channel closed
[2m2025-04-15T18:04:33.217610Z[0m [31mERROR[0m [2mglazewm[0m[2m:[0m channel closed
[2m2025-04-15T18:04:33.436735Z[0m [31mERROR[0m [2mglazewm[0m[2m:[0m channel closed
[2m2025-04-15T18:04:33.605271Z[0m [31mERROR[0m [2mglazewm[0m[2m:[0m channel closed
[2m2025-04-15T18:04:33.788527Z[0m [31mERROR[0m [2mglazewm[0m[2m:[0m channel closed
[2m2025-04-15T18:04:33.981894Z[0m [31mERROR[0m [2mglazewm[0m[2m:[0m channel closed
[2m2025-04-15T18:04:34.171163Z[0m [31mERROR[0m [2mglazewm[0m[2m:[0m channel closed
[2m2025-04-15T18:04:34.536091Z[0m [31mERROR[0m [2mglazewm[0m[2m:[0m channel closed
[2m2025-04-17T08:04:51.084300Z[0m [31mERROR[0m [2mglazewm[0m[2m:[0m channel closed
[2m2025-04-17T18:28:24.492971Z[0m [31mERROR[0m [2mglazewm[0m[2m:[0m channel closed
[2m2025-04-17T18:28:30.953055Z[0m [31mERROR[0m [2mglazewm[0m[2m:[0m channel closed
[2m2025-04-17T18:28:31.467717Z[0m [31mERROR[0m [2mglazewm[0m[2m:[0m channel closed
[2m2025-04-17T18:28:31.640110Z[0m [31mERROR[0m [2mglazewm[0m[2m:[0m channel closed
[2m2025-04-17T18:28:31.893265Z[0m [31mERROR[0m [2mglazewm[0m[2m:[0m channel closed
[2m2025-04-17T18:29:16.622548Z[0m [31mERROR[0m [2mglazewm[0m[2m:[0m channel closed
[2m2025-04-17T18:29:18.677192Z[0m [31mERROR[0m [2mglazewm[0m[2m:[0m channel closed
[2m2025-04-17T18:29:19.693495Z[0m [31mERROR[0m [2mglazewm[0m[2m:[0m channel closed
[2m2025-04-17T18:29:20.328751Z[0m [31mERROR[0m [2mglazewm[0m[2m:[0m channel closed
[2m2025-04-17T18:29:21.013678Z[0m [31mERROR[0m [2mglazewm[0m[2m:[0m channel closed
[2m2025-04-17T18:29:21.633631Z[0m [31mERROR[0m [2mglazewm[0m[2m:[0m channel closed
[2m2025-04-17T18:29:22.448198Z[0m [31mERROR[0m [2mglazewm[0m[2m:[0m channel closed
[2m2025-04-17T18:29:22.945473Z[0m [31mERROR[0m [2mglazewm[0m[2m:[0m channel closed
[2m2025-04-17T18:29:23.140463Z[0m [31mERROR[0m [2mglazewm[0m[2m:[0m channel closed
[2m2025-04-17T18:29:23.410049Z[0m [31mERROR[0m [2mglazewm[0m[2m:[0m channel closed
[2m2025-04-17T18:29:23.928903Z[0m [31mERROR[0m [2mglazewm[0m[2m:[0m channel closed
[2m2025-04-17T18:29:24.392992Z[0m [31mERROR[0m [2mglazewm[0m[2m:[0m channel closed
[2m2025-04-17T18:29:24.840643Z[0m [31mERROR[0m [2mglazewm[0m[2m:[0m channel closed
[2m2025-04-17T18:30:14.199381Z[0m [31mERROR[0m [2mglazewm[0m[2m:[0m channel closed
[2m2025-04-17T18:30:15.021593Z[0m [31mERROR[0m [2mglazewm[0m[2m:[0m channel closed
[2m2025-04-17T18:30:15.599528Z[0m [31mERROR[0m [2mglazewm[0m[2m:[0m channel closed
[2m2025-04-17T18:30:16.058550Z[0m [31mERROR[0m [2mglazewm[0m[2m:[0m channel closed
[2m2025-04-17T18:30:16.641446Z[0m [31mERROR[0m [2mglazewm[0m[2m:[0m channel closed
[2m2025-04-17T18:30:17.150290Z[0m [31mERROR[0m [2mglazewm[0m[2m:[0m channel closed
[2m2025-04-17T18:30:17.586884Z[0m [31mERROR[0m [2mglazewm[0m[2m:[0m channel closed
[2m2025-04-17T18:30:18.050673Z[0m [31mERROR[0m [2mglazewm[0m[2m:[0m channel closed
[2m2025-04-17T18:30:18.472029Z[0m [31mERROR[0m [2mglazewm[0m[2m:[0m channel closed
[2m2025-04-17T18:30:20.017376Z[0m [31mERROR[0m [2mglazewm[0m[2m:[0m channel closed
[2m2025-04-17T18:30:22.325062Z[0m [31mERROR[0m [2mglazewm[0m[2m:[0m channel closed
[2m2025-04-20T05:25:25.277246Z[0m [31mERROR[0m [2mglazewm[0m[2m:[0m channel closed
[2m2025-04-20T17:10:38.369558Z[0m [31mERROR[0m [2mglazewm[0m[2m:[0m channel closed
[2m2025-04-20T17:10:59.473427Z[0m [31mERROR[0m [2mglazewm[0m[2m:[0m channel closed
[2m2025-04-20T17:11:32.949963Z[0m [31mERROR[0m [2mglazewm[0m[2m:[0m channel closed
[2m2025-04-20T17:11:33.475300Z[0m [31mERROR[0m [2mglazewm[0m[2m:[0m channel closed
[2m2025-04-20T17:11:33.670483Z[0m [31mERROR[0m [2mglazewm[0m[2m:[0m channel closed
[2m2025-04-20T17:11:33.836736Z[0m [31mERROR[0m [2mglazewm[0m[2m:[0m channel closed
[2m2025-04-20T17:11:34.367301Z[0m [31mERROR[0m [2mglazewm[0m[2m:[0m channel closed
[2m2025-04-20T17:11:34.909941Z[0m [31mERROR[0m [2mglazewm[0m[2m:[0m channel closed
[2m2025-04-20T17:11:35.100331Z[0m [31mERROR[0m [2mglazewm[0m[2m:[0m channel closed
[2m2025-04-20T17:11:35.297384Z[0m [31mERROR[0m [2mglazewm[0m[2m:[0m channel closed
[2m2025-04-20T17:11:36.534283Z[0m [31mERROR[0m [2mglazewm[0m[2m:[0m channel closed
[2m2025-04-20T17:11:36.686418Z[0m [31mERROR[0m [2mglazewm[0m[2m:[0m channel closed
[2m2025-04-20T17:11:36.875978Z[0m [31mERROR[0m [2mglazewm[0m[2m:[0m channel closed
[2m2025-04-20T17:11:37.051869Z[0m [31mERROR[0m [2mglazewm[0m[2m:[0m channel closed
[2m2025-04-20T17:11:37.240099Z[0m [31mERROR[0m [2mglazewm[0m[2m:[0m channel closed
[2m2025-04-20T17:11:37.577226Z[0m [31mERROR[0m [2mglazewm[0m[2m:[0m channel closed
[2m2025-04-20T17:11:37.758447Z[0m [31mERROR[0m [2mglazewm[0m[2m:[0m channel closed
[2m2025-04-20T17:11:37.955841Z[0m [31mERROR[0m [2mglazewm[0m[2m:[0m channel closed
[2m2025-04-20T17:11:38.131566Z[0m [31mERROR[0m [2mglazewm[0m[2m:[0m channel closed
[2m2025-04-20T17:11:38.314124Z[0m [31mERROR[0m [2mglazewm[0m[2m:[0m channel closed
[2m2025-04-20T17:11:38.506637Z[0m [31mERROR[0m [2mglazewm[0m[2m:[0m channel closed
[2m2025-04-20T17:11:38.942348Z[0m [31mERROR[0m [2mglazewm[0m[2m:[0m channel closed
[2m2025-04-20T17:11:39.129999Z[0m [31mERROR[0m [2mglazewm[0m[2m:[0m channel closed
[2m2025-04-20T17:15:50.970500Z[0m [31mERROR[0m [2mglazewm[0m[2m:[0m Another instance of the application is already running.
[2m2025-04-22T08:27:31.984699Z[0m [31mERROR[0m [2mglazewm[0m[2m:[0m channel closed
[2m2025-04-22T08:28:16.860421Z[0m [31mERROR[0m [2mglazewm[0m[2m:[0m channel closed
[2m2025-04-22T08:28:17.192170Z[0m [31mERROR[0m [2mglazewm[0m[2m:[0m channel closed
[2m2025-04-22T08:28:17.464821Z[0m [31mERROR[0m [2mglazewm[0m[2m:[0m channel closed
[2m2025-04-27T16:36:58.405451Z[0m [31mERROR[0m [2mglazewm[0m[2m:[0m channel closed
[2m2025-04-27T16:39:48.324691Z[0m [31mERROR[0m [2mglazewm[0m[2m:[0m channel closed
[2m2025-04-27T17:52:41.629593Z[0m [31mERROR[0m [2mglazewm[0m[2m:[0m channel closed
[2m2025-04-27T17:52:42.031554Z[0m [31mERROR[0m [2mglazewm[0m[2m:[0m channel closed
[2m2025-04-27T17:52:42.199403Z[0m [31mERROR[0m [2mglazewm[0m[2m:[0m channel closed
[2m2025-04-27T17:52:42.390564Z[0m [31mERROR[0m [2mglazewm[0m[2m:[0m channel closed
[2m2025-04-27T17:52:42.640242Z[0m [31mERROR[0m [2mglazewm[0m[2m:[0m channel closed
[2m2025-04-27T17:52:42.813118Z[0m [31mERROR[0m [2mglazewm[0m[2m:[0m channel closed
[2m2025-04-27T17:52:42.990915Z[0m [31mERROR[0m [2mglazewm[0m[2m:[0m channel closed
[2m2025-04-28T16:31:05.811169Z[0m [31mERROR[0m [2mglazewm[0m[2m:[0m channel closed
[2m2025-04-29T15:03:04.124170Z[0m [31mERROR[0m [2mglazewm[0m[2m:[0m channel closed
[2m2025-04-29T15:03:04.323742Z[0m [31mERROR[0m [2mglazewm[0m[2m:[0m channel closed
[2m2025-04-29T15:03:04.536035Z[0m [31mERROR[0m [2mglazewm[0m[2m:[0m channel closed
[2m2025-04-29T15:03:04.831637Z[0m [31mERROR[0m [2mglazewm[0m[2m:[0m channel closed
[2m2025-04-29T15:03:05.029017Z[0m [31mERROR[0m [2mglazewm[0m[2m:[0m channel closed
[2m2025-04-29T15:03:05.304619Z[0m [31mERROR[0m [2mglazewm[0m[2m:[0m channel closed
[2m2025-04-29T15:03:05.500548Z[0m [31mERROR[0m [2mglazewm[0m[2m:[0m channel closed
[2m2025-04-29T15:03:05.698394Z[0m [31mERROR[0m [2mglazewm[0m[2m:[0m channel closed
[2m2025-04-29T15:03:05.871934Z[0m [31mERROR[0m [2mglazewm[0m[2m:[0m channel closed
[2m2025-04-29T15:03:06.061293Z[0m [31mERROR[0m [2mglazewm[0m[2m:[0m channel closed
[2m2025-04-29T15:03:06.258796Z[0m [31mERROR[0m [2mglazewm[0m[2m:[0m channel closed
[2m2025-04-29T15:03:06.452882Z[0m [31mERROR[0m [2mglazewm[0m[2m:[0m channel closed
[2m2025-04-29T15:03:06.621936Z[0m [31mERROR[0m [2mglazewm[0m[2m:[0m channel closed
[2m2025-04-29T15:03:06.817551Z[0m [31mERROR[0m [2mglazewm[0m[2m:[0m channel closed
[2m2025-04-29T15:03:07.008058Z[0m [31mERROR[0m [2mglazewm[0m[2m:[0m channel closed
[2m2025-04-29T15:03:07.193417Z[0m [31mERROR[0m [2mglazewm[0m[2m:[0m channel closed
[2m2025-04-29T15:03:07.378554Z[0m [31mERROR[0m [2mglazewm[0m[2m:[0m channel closed
[2m2025-04-29T15:03:07.570071Z[0m [31mERROR[0m [2mglazewm[0m[2m:[0m channel closed
[2m2025-04-29T15:03:07.757759Z[0m [31mERROR[0m [2mglazewm[0m[2m:[0m channel closed
[2m2025-04-29T15:03:07.950238Z[0m [31mERROR[0m [2mglazewm[0m[2m:[0m channel closed
[2m2025-04-29T15:03:08.127133Z[0m [31mERROR[0m [2mglazewm[0m[2m:[0m channel closed
[2m2025-04-29T15:03:08.305893Z[0m [31mERROR[0m [2mglazewm[0m[2m:[0m channel closed
[2m2025-04-29T15:03:08.495676Z[0m [31mERROR[0m [2mglazewm[0m[2m:[0m channel closed
[2m2025-04-29T15:03:08.682387Z[0m [31mERROR[0m [2mglazewm[0m[2m:[0m channel closed
[2m2025-04-29T15:03:08.858002Z[0m [31mERROR[0m [2mglazewm[0m[2m:[0m channel closed
[2m2025-04-29T15:03:09.061550Z[0m [31mERROR[0m [2mglazewm[0m[2m:[0m channel closed
[2m2025-04-30T16:55:09.159209Z[0m [31mERROR[0m [2mglazewm[0m[2m:[0m channel closed
[2m2025-05-01T15:19:04.200227Z[0m [31mERROR[0m [2mglazewm[0m[2m:[0m channel closed
[2m2025-05-01T15:19:08.079570Z[0m [31mERROR[0m [2mglazewm[0m[2m:[0m channel closed
[2m2025-05-01T15:19:08.633098Z[0m [31mERROR[0m [2mglazewm[0m[2m:[0m channel closed
[2m2025-05-01T15:19:27.713919Z[0m [31mERROR[0m [2mglazewm[0m[2m:[0m channel closed
[2m2025-05-01T15:19:28.247700Z[0m [31mERROR[0m [2mglazewm[0m[2m:[0m channel closed
[2m2025-05-01T15:19:28.445826Z[0m [31mERROR[0m [2mglazewm[0m[2m:[0m channel closed
[2m2025-05-01T15:19:28.770749Z[0m [31mERROR[0m [2mglazewm[0m[2m:[0m channel closed
[2m2025-05-01T15:19:29.280662Z[0m [31mERROR[0m [2mglazewm[0m[2m:[0m channel closed
[2m2025-05-01T15:19:29.500835Z[0m [31mERROR[0m [2mglazewm[0m[2m:[0m channel closed
[2m2025-05-01T15:19:30.023406Z[0m [31mERROR[0m [2mglazewm[0m[2m:[0m channel closed
[2m2025-05-01T15:19:30.577256Z[0m [31mERROR[0m [2mglazewm[0m[2m:[0m channel closed
[2m2025-05-01T15:19:31.180157Z[0m [31mERROR[0m [2mglazewm[0m[2m:[0m channel closed
[2m2025-05-01T15:19:31.703551Z[0m [31mERROR[0m [2mglazewm[0m[2m:[0m channel closed
[2m2025-05-01T15:19:32.212543Z[0m [31mERROR[0m [2mglazewm[0m[2m:[0m channel closed
[2m2025-05-01T15:19:32.655702Z[0m [31mERROR[0m [2mglazewm[0m[2m:[0m channel closed
[2m2025-05-01T15:19:33.075737Z[0m [31mERROR[0m [2mglazewm[0m[2m:[0m channel closed
[2m2025-05-01T15:19:33.310982Z[0m [31mERROR[0m [2mglazewm[0m[2m:[0m channel closed
[2m2025-05-01T15:19:33.557781Z[0m [31mERROR[0m [2mglazewm[0m[2m:[0m channel closed
[2m2025-05-01T15:19:34.118175Z[0m [31mERROR[0m [2mglazewm[0m[2m:[0m channel closed
[2m2025-05-01T15:19:34.338366Z[0m [31mERROR[0m [2mglazewm[0m[2m:[0m channel closed
[2m2025-05-01T15:19:34.681279Z[0m [31mERROR[0m [2mglazewm[0m[2m:[0m channel closed
[2m2025-05-01T15:19:35.077920Z[0m [31mERROR[0m [2mglazewm[0m[2m:[0m channel closed
[2m2025-05-01T15:19:35.290488Z[0m [31mERROR[0m [2mglazewm[0m[2m:[0m channel closed
[2m2025-05-01T15:19:35.500191Z[0m [31mERROR[0m [2mglazewm[0m[2m:[0m channel closed
[2m2025-05-01T15:19:35.897616Z[0m [31mERROR[0m [2mglazewm[0m[2m:[0m channel closed
[2m2025-05-01T15:19:36.160891Z[0m [31mERROR[0m [2mglazewm[0m[2m:[0m channel closed
[2m2025-05-01T15:19:36.507013Z[0m [31mERROR[0m [2mglazewm[0m[2m:[0m channel closed
[2m2025-05-01T15:19:37.015174Z[0m [31mERROR[0m [2mglazewm[0m[2m:[0m channel closed
[2m2025-05-01T15:19:37.539631Z[0m [31mERROR[0m [2mglazewm[0m[2m:[0m channel closed
[2m2025-05-01T15:19:37.796058Z[0m [31mERROR[0m [2mglazewm[0m[2m:[0m channel closed
[2m2025-05-01T15:19:38.301851Z[0m [31mERROR[0m [2mglazewm[0m[2m:[0m channel closed
[2m2025-05-01T15:19:38.619082Z[0m [31mERROR[0m [2mglazewm[0m[2m:[0m channel closed
[2m2025-05-03T00:22:01.317454Z[0m [31mERROR[0m [2mglazewm[0m[2m:[0m channel closed
[2m2025-05-03T00:23:03.430135Z[0m [31mERROR[0m [2mglazewm[0m[2m:[0m channel closed
[2m2025-05-03T04:52:05.175147Z[0m [31mERROR[0m [2mglazewm[0m[2m:[0m channel closed
[2m2025-05-03T18:49:41.647767Z[0m [31mERROR[0m [2mglazewm[0m[2m:[0m channel closed
[2m2025-05-03T18:49:48.357502Z[0m [31mERROR[0m [2mglazewm[0m[2m:[0m channel closed
[2m2025-05-03T18:49:48.843673Z[0m [31mERROR[0m [2mglazewm[0m[2m:[0m channel closed
[2m2025-05-03T18:49:49.026262Z[0m [31mERROR[0m [2mglazewm[0m[2m:[0m channel closed
[2m2025-05-03T18:49:49.200818Z[0m [31mERROR[0m [2mglazewm[0m[2m:[0m channel closed
[2m2025-05-03T18:49:49.355542Z[0m [31mERROR[0m [2mglazewm[0m[2m:[0m channel closed
[2m2025-05-03T18:49:49.525745Z[0m [31mERROR[0m [2mglazewm[0m[2m:[0m channel closed
[2m2025-05-03T18:49:49.692309Z[0m [31mERROR[0m [2mglazewm[0m[2m:[0m channel closed
[2m2025-05-03T18:49:49.874976Z[0m [31mERROR[0m [2mglazewm[0m[2m:[0m channel closed
[2m2025-05-03T18:49:50.086508Z[0m [31mERROR[0m [2mglazewm[0m[2m:[0m channel closed
[2m2025-05-03T18:49:50.260418Z[0m [31mERROR[0m [2mglazewm[0m[2m:[0m channel closed
[2m2025-05-03T18:49:50.433990Z[0m [31mERROR[0m [2mglazewm[0m[2m:[0m channel closed
[2m2025-05-03T18:49:50.622114Z[0m [31mERROR[0m [2mglazewm[0m[2m:[0m channel closed
[2m2025-05-03T18:49:50.849538Z[0m [31mERROR[0m [2mglazewm[0m[2m:[0m channel closed
[2m2025-05-03T18:49:51.031912Z[0m [31mERROR[0m [2mglazewm[0m[2m:[0m channel closed
[2m2025-05-03T18:49:51.234263Z[0m [31mERROR[0m [2mglazewm[0m[2m:[0m channel closed
[2m2025-05-03T18:49:51.423247Z[0m [31mERROR[0m [2mglazewm[0m[2m:[0m channel closed
[2m2025-05-03T18:49:51.618314Z[0m [31mERROR[0m [2mglazewm[0m[2m:[0m channel closed
[2m2025-05-03T18:49:51.791222Z[0m [31mERROR[0m [2mglazewm[0m[2m:[0m channel closed
[2m2025-05-12T00:11:01.608622Z[0m [31mERROR[0m [2mglazewm[0m[2m:[0m channel closed
[2m2025-05-12T19:22:08.201767Z[0m [31mERROR[0m [2mglazewm[0m[2m:[0m channel closed
[2m2025-05-12T19:22:08.753574Z[0m [31mERROR[0m [2mglazewm[0m[2m:[0m channel closed
[2m2025-05-12T19:22:09.010325Z[0m [31mERROR[0m [2mglazewm[0m[2m:[0m channel closed
[2m2025-05-12T19:22:09.279460Z[0m [31mERROR[0m [2mglazewm[0m[2m:[0m channel closed
[2m2025-05-12T19:22:09.855842Z[0m [31mERROR[0m [2mglazewm[0m[2m:[0m channel closed
[2m2025-05-12T19:22:10.408611Z[0m [31mERROR[0m [2mglazewm[0m[2m:[0m channel closed
[2m2025-05-12T19:22:12.404002Z[0m [31mERROR[0m [2mglazewm[0m[2m:[0m channel closed
[2m2025-05-12T19:22:12.950478Z[0m [31mERROR[0m [2mglazewm[0m[2m:[0m channel closed
[2m2025-05-12T19:22:13.454869Z[0m [31mERROR[0m [2mglazewm[0m[2m:[0m channel closed
[2m2025-05-12T19:22:13.918922Z[0m [31mERROR[0m [2mglazewm[0m[2m:[0m channel closed
[2m2025-05-12T19:22:14.392866Z[0m [31mERROR[0m [2mglazewm[0m[2m:[0m channel closed
[2m2025-05-12T19:22:14.902850Z[0m [31mERROR[0m [2mglazewm[0m[2m:[0m channel closed
[2m2025-05-12T19:22:15.321612Z[0m [31mERROR[0m [2mglazewm[0m[2m:[0m channel closed
[2m2025-05-12T19:22:15.824910Z[0m [31mERROR[0m [2mglazewm[0m[2m:[0m channel closed
[2m2025-05-12T19:22:16.979620Z[0m [31mERROR[0m [2mglazewm[0m[2m:[0m channel closed
[2m2025-05-12T19:22:17.362968Z[0m [31mERROR[0m [2mglazewm[0m[2m:[0m channel closed
[2m2025-05-12T19:22:17.551793Z[0m [31mERROR[0m [2mglazewm[0m[2m:[0m channel closed
[2m2025-05-12T19:22:17.731697Z[0m [31mERROR[0m [2mglazewm[0m[2m:[0m channel closed
[2m2025-05-12T19:22:17.912832Z[0m [31mERROR[0m [2mglazewm[0m[2m:[0m channel closed
[2m2025-05-12T19:22:18.115101Z[0m [31mERROR[0m [2mglazewm[0m[2m:[0m channel closed
[2m2025-05-12T19:22:18.310653Z[0m [31mERROR[0m [2mglazewm[0m[2m:[0m channel closed
[2m2025-05-12T19:22:18.498432Z[0m [31mERROR[0m [2mglazewm[0m[2m:[0m channel closed
[2m2025-05-12T19:22:18.692763Z[0m [31mERROR[0m [2mglazewm[0m[2m:[0m channel closed
[2m2025-05-12T19:22:18.863227Z[0m [31mERROR[0m [2mglazewm[0m[2m:[0m channel closed
[2m2025-05-12T19:22:19.045081Z[0m [31mERROR[0m [2mglazewm[0m[2m:[0m channel closed
[2m2025-05-12T19:22:19.224429Z[0m [31mERROR[0m [2mglazewm[0m[2m:[0m channel closed
[2m2025-05-12T19:22:19.410153Z[0m [31mERROR[0m [2mglazewm[0m[2m:[0m channel closed
[2m2025-05-12T19:22:19.600355Z[0m [31mERROR[0m [2mglazewm[0m[2m:[0m channel closed
[2m2025-05-12T19:22:19.777614Z[0m [31mERROR[0m [2mglazewm[0m[2m:[0m channel closed
[2m2025-05-12T19:22:19.959253Z[0m [31mERROR[0m [2mglazewm[0m[2m:[0m channel closed
[2m2025-05-12T19:22:20.235919Z[0m [31mERROR[0m [2mglazewm[0m[2m:[0m channel closed
[2m2025-05-12T19:22:20.447767Z[0m [31mERROR[0m [2mglazewm[0m[2m:[0m channel closed
[2m2025-05-12T19:22:20.634172Z[0m [31mERROR[0m [2mglazewm[0m[2m:[0m channel closed
[2m2025-05-12T19:22:20.805621Z[0m [31mERROR[0m [2mglazewm[0m[2m:[0m channel closed
[2m2025-05-12T19:22:20.986701Z[0m [31mERROR[0m [2mglazewm[0m[2m:[0m channel closed
[2m2025-05-12T19:22:21.141370Z[0m [31mERROR[0m [2mglazewm[0m[2m:[0m channel closed
[2m2025-05-12T19:22:21.332272Z[0m [31mERROR[0m [2mglazewm[0m[2m:[0m channel closed
[2m2025-05-12T19:22:21.526892Z[0m [31mERROR[0m [2mglazewm[0m[2m:[0m channel closed
[2m2025-05-16T03:49:38.198249Z[0m [31mERROR[0m [2mglazewm[0m[2m:[0m channel closed
[2m2025-05-18T19:42:49.795364Z[0m [31mERROR[0m [2mglazewm[0m[2m:[0m channel closed
[2m2025-05-18T19:42:50.353410Z[0m [31mERROR[0m [2mglazewm[0m[2m:[0m channel closed
[2m2025-05-18T19:42:54.797072Z[0m [31mERROR[0m [2mglazewm[0m[2m:[0m channel closed
[2m2025-05-18T19:42:55.934352Z[0m [31mERROR[0m [2mglazewm[0m[2m:[0m channel closed
[2m2025-05-18T19:42:56.535270Z[0m [31mERROR[0m [2mglazewm[0m[2m:[0m channel closed
[2m2025-05-18T19:42:56.992277Z[0m [31mERROR[0m [2mglazewm[0m[2m:[0m channel closed
[2m2025-05-18T19:42:57.554372Z[0m [31mERROR[0m [2mglazewm[0m[2m:[0m channel closed
[2m2025-05-18T19:42:58.092373Z[0m [31mERROR[0m [2mglazewm[0m[2m:[0m channel closed
[2m2025-05-18T19:42:59.183115Z[0m [31mERROR[0m [2mglazewm[0m[2m:[0m channel closed
[2m2025-05-18T19:42:59.396948Z[0m [31mERROR[0m [2mglazewm[0m[2m:[0m channel closed
[2m2025-05-18T19:42:59.590053Z[0m [31mERROR[0m [2mglazewm[0m[2m:[0m channel closed
[2m2025-05-18T19:42:59.770189Z[0m [31mERROR[0m [2mglazewm[0m[2m:[0m channel closed
[2m2025-05-18T19:42:59.950847Z[0m [31mERROR[0m [2mglazewm[0m[2m:[0m channel closed
[2m2025-05-18T19:43:00.182381Z[0m [31mERROR[0m [2mglazewm[0m[2m:[0m channel closed
[2m2025-05-18T19:43:02.089351Z[0m [31mERROR[0m [2mglazewm[0m[2m:[0m channel closed
[2m2025-05-18T19:43:02.648580Z[0m [31mERROR[0m [2mglazewm[0m[2m:[0m channel closed
[2m2025-05-18T19:43:03.113306Z[0m [31mERROR[0m [2mglazewm[0m[2m:[0m channel closed
[2m2025-05-18T19:43:03.369989Z[0m [31mERROR[0m [2mglazewm[0m[2m:[0m channel closed
[2m2025-05-18T19:43:03.658533Z[0m [31mERROR[0m [2mglazewm[0m[2m:[0m channel closed
[2m2025-05-18T19:43:04.265052Z[0m [31mERROR[0m [2mglazewm[0m[2m:[0m channel closed
[2m2025-05-18T19:43:04.719905Z[0m [31mERROR[0m [2mglazewm[0m[2m:[0m channel closed
[2m2025-05-18T19:43:05.288234Z[0m [31mERROR[0m [2mglazewm[0m[2m:[0m channel closed
[2m2025-05-18T19:43:05.797197Z[0m [31mERROR[0m [2mglazewm[0m[2m:[0m channel closed
[2m2025-05-18T19:43:06.285250Z[0m [31mERROR[0m [2mglazewm[0m[2m:[0m channel closed
[2m2025-05-18T19:43:06.707771Z[0m [31mERROR[0m [2mglazewm[0m[2m:[0m channel closed
[2m2025-05-18T19:43:07.073289Z[0m [31mERROR[0m [2mglazewm[0m[2m:[0m channel closed
[2m2025-05-18T19:43:07.336231Z[0m [31mERROR[0m [2mglazewm[0m[2m:[0m channel closed
[2m2025-05-18T19:43:07.523716Z[0m [31mERROR[0m [2mglazewm[0m[2m:[0m channel closed
[2m2025-05-18T19:43:07.719399Z[0m [31mERROR[0m [2mglazewm[0m[2m:[0m channel closed
[2m2025-05-19T01:42:38.524125Z[0m [31mERROR[0m [2mglazewm[0m[2m:[0m channel closed
[2m2025-05-20T18:19:48.431549Z[0m [31mERROR[0m [2mglazewm[0m[2m:[0m channel closed
[2m2025-05-22T15:54:06.091102Z[0m [31mERROR[0m [2mglazewm[0m[2m:[0m channel closed
[2m2025-05-22T15:54:39.508532Z[0m [31mERROR[0m [2mglazewm[0m[2m:[0m channel closed
[2m2025-05-22T15:54:49.999055Z[0m [31mERROR[0m [2mglazewm[0m[2m:[0m channel closed
[2m2025-05-22T15:54:50.194025Z[0m [31mERROR[0m [2mglazewm[0m[2m:[0m channel closed
[2m2025-05-22T15:54:50.523127Z[0m [31mERROR[0m [2mglazewm[0m[2m:[0m channel closed
[2m2025-05-22T15:54:50.720216Z[0m [31mERROR[0m [2mglazewm[0m[2m:[0m channel closed
[2m2025-05-22T15:54:50.912926Z[0m [31mERROR[0m [2mglazewm[0m[2m:[0m channel closed
[2m2025-05-22T15:54:51.085294Z[0m [31mERROR[0m [2mglazewm[0m[2m:[0m channel closed
[2m2025-05-22T15:54:51.283157Z[0m [31mERROR[0m [2mglazewm[0m[2m:[0m channel closed
[2m2025-05-22T15:54:51.700913Z[0m [31mERROR[0m [2mglazewm[0m[2m:[0m channel closed
[2m2025-05-22T15:54:51.903635Z[0m [31mERROR[0m [2mglazewm[0m[2m:[0m channel closed
[2m2025-05-22T15:54:52.098884Z[0m [31mERROR[0m [2mglazewm[0m[2m:[0m channel closed
[2m2025-05-22T15:54:52.271885Z[0m [31mERROR[0m [2mglazewm[0m[2m:[0m channel closed
[2m2025-05-22T15:54:52.486846Z[0m [31mERROR[0m [2mglazewm[0m[2m:[0m channel closed
[2m2025-05-22T15:54:53.516960Z[0m [31mERROR[0m [2mglazewm[0m[2m:[0m channel closed
[2m2025-05-22T15:54:53.703958Z[0m [31mERROR[0m [2mglazewm[0m[2m:[0m channel closed
[2m2025-05-22T15:54:53.898656Z[0m [31mERROR[0m [2mglazewm[0m[2m:[0m channel closed
[2m2025-05-22T15:54:54.090937Z[0m [31mERROR[0m [2mglazewm[0m[2m:[0m channel closed
[2m2025-05-22T15:54:54.335141Z[0m [31mERROR[0m [2mglazewm[0m[2m:[0m channel closed
[2m2025-05-22T15:54:54.574989Z[0m [31mERROR[0m [2mglazewm[0m[2m:[0m channel closed
[2m2025-05-22T15:54:54.777428Z[0m [31mERROR[0m [2mglazewm[0m[2m:[0m channel closed
[2m2025-05-22T15:54:55.006199Z[0m [31mERROR[0m [2mglazewm[0m[2m:[0m channel closed
[2m2025-05-22T15:54:55.263695Z[0m [31mERROR[0m [2mglazewm[0m[2m:[0m channel closed
[2m2025-05-22T15:55:01.742996Z[0m [31mERROR[0m [2mglazewm[0m[2m:[0m channel closed
[2m2025-05-22T15:55:01.924382Z[0m [31mERROR[0m [2mglazewm[0m[2m:[0m channel closed
[2m2025-05-22T15:55:02.111741Z[0m [31mERROR[0m [2mglazewm[0m[2m:[0m channel closed
[2m2025-05-22T15:55:02.290932Z[0m [31mERROR[0m [2mglazewm[0m[2m:[0m channel closed
[2m2025-05-22T15:55:02.495052Z[0m [31mERROR[0m [2mglazewm[0m[2m:[0m channel closed
[2m2025-05-22T15:55:02.837047Z[0m [31mERROR[0m [2mglazewm[0m[2m:[0m channel closed
[2m2025-05-22T15:55:03.052515Z[0m [31mERROR[0m [2mglazewm[0m[2m:[0m channel closed
[2m2025-05-22T15:55:03.224965Z[0m [31mERROR[0m [2mglazewm[0m[2m:[0m channel closed
[2m2025-05-22T15:55:03.392879Z[0m [31mERROR[0m [2mglazewm[0m[2m:[0m channel closed
[2m2025-05-22T15:55:03.590165Z[0m [31mERROR[0m [2mglazewm[0m[2m:[0m channel closed
[2m2025-05-22T15:55:03.799972Z[0m [31mERROR[0m [2mglazewm[0m[2m:[0m channel closed
[2m2025-05-22T15:55:04.128844Z[0m [31mERROR[0m [2mglazewm[0m[2m:[0m channel closed
[2m2025-05-22T15:55:04.338364Z[0m [31mERROR[0m [2mglazewm[0m[2m:[0m channel closed
[2m2025-05-22T15:55:04.549739Z[0m [31mERROR[0m [2mglazewm[0m[2m:[0m channel closed
[2m2025-05-22T15:55:04.738050Z[0m [31mERROR[0m [2mglazewm[0m[2m:[0m channel closed
[2m2025-05-22T15:55:04.910094Z[0m [31mERROR[0m [2mglazewm[0m[2m:[0m channel closed
[2m2025-05-22T15:55:05.112190Z[0m [31mERROR[0m [2mglazewm[0m[2m:[0m channel closed
[2m2025-05-22T15:55:05.328840Z[0m [31mERROR[0m [2mglazewm[0m[2m:[0m channel closed
[2m2025-05-22T15:55:05.852123Z[0m [31mERROR[0m [2mglazewm[0m[2m:[0m channel closed
[2m2025-05-22T15:55:07.015700Z[0m [31mERROR[0m [2mglazewm[0m[2m:[0m channel closed
[2m2025-05-22T15:55:07.345772Z[0m [31mERROR[0m [2mglazewm[0m[2m:[0m channel closed
[2m2025-05-22T15:56:15.284741Z[0m [31mERROR[0m [2mglazewm[0m[2m:[0m channel closed
[2m2025-05-22T15:56:15.883574Z[0m [31mERROR[0m [2mglazewm[0m[2m:[0m channel closed
[2m2025-05-22T15:56:54.037361Z[0m [31mERROR[0m [2mglazewm[0m[2m:[0m Another instance of the application is already running.
[2m2025-05-23T05:42:03.569547Z[0m [31mERROR[0m [2mglazewm[0m[2m:[0m channel closed
[2m2025-05-23T17:40:04.398061Z[0m [31mERROR[0m [2mglazewm[0m[2m:[0m channel closed
[2m2025-05-23T17:40:09.971121Z[0m [31mERROR[0m [2mglazewm[0m[2m:[0m channel closed
[2m2025-05-23T17:40:10.494707Z[0m [31mERROR[0m [2mglazewm[0m[2m:[0m channel closed
[2m2025-05-23T17:40:11.071573Z[0m [31mERROR[0m [2mglazewm[0m[2m:[0m channel closed
[2m2025-05-23T17:40:11.441789Z[0m [31mERROR[0m [2mglazewm[0m[2m:[0m channel closed
[2m2025-05-23T17:40:11.990406Z[0m [31mERROR[0m [2mglazewm[0m[2m:[0m channel closed
[2m2025-05-23T17:40:12.391427Z[0m [31mERROR[0m [2mglazewm[0m[2m:[0m channel closed
[2m2025-05-23T17:50:46.054938Z[0m [31mERROR[0m [2mglazewm[0m[2m:[0m channel closed
[2m2025-05-23T17:50:54.873799Z[0m [31mERROR[0m [2mglazewm[0m[2m:[0m channel closed
[2m2025-05-23T17:51:14.852026Z[0m [31mERROR[0m [2mglazewm[0m[2m:[0m channel closed
[2m2025-05-23T17:51:15.742871Z[0m [31mERROR[0m [2mglazewm[0m[2m:[0m channel closed
[2m2025-05-23T17:51:16.252535Z[0m [31mERROR[0m [2mglazewm[0m[2m:[0m channel closed
[2m2025-05-23T17:51:16.598694Z[0m [31mERROR[0m [2mglazewm[0m[2m:[0m channel closed
[2m2025-05-23T17:51:16.848154Z[0m [31mERROR[0m [2mglazewm[0m[2m:[0m channel closed
[2m2025-05-23T17:51:17.104922Z[0m [31mERROR[0m [2mglazewm[0m[2m:[0m channel closed
[2m2025-05-23T17:51:17.407362Z[0m [31mERROR[0m [2mglazewm[0m[2m:[0m channel closed
[2m2025-05-23T17:51:17.859138Z[0m [31mERROR[0m [2mglazewm[0m[2m:[0m channel closed
[2m2025-05-23T17:51:18.353235Z[0m [31mERROR[0m [2mglazewm[0m[2m:[0m channel closed
[2m2025-05-23T17:51:19.769863Z[0m [31mERROR[0m [2mglazewm[0m[2m:[0m channel closed
[2m2025-05-23T17:51:20.532434Z[0m [31mERROR[0m [2mglazewm[0m[2m:[0m channel closed
[2m2025-05-23T17:51:21.108735Z[0m [31mERROR[0m [2mglazewm[0m[2m:[0m channel closed
[2m2025-05-23T17:51:21.683105Z[0m [31mERROR[0m [2mglazewm[0m[2m:[0m channel closed
[2m2025-05-23T17:51:22.289621Z[0m [31mERROR[0m [2mglazewm[0m[2m:[0m channel closed
[2m2025-05-23T18:00:51.385661Z[0m [31mERROR[0m [2mglazewm[0m[2m:[0m channel closed
[2m2025-05-23T18:00:51.873240Z[0m [31mERROR[0m [2mglazewm[0m[2m:[0m channel closed
[2m2025-05-23T18:00:52.070619Z[0m [31mERROR[0m [2mglazewm[0m[2m:[0m channel closed
[2m2025-05-23T18:00:52.339709Z[0m [31mERROR[0m [2mglazewm[0m[2m:[0m channel closed
[2m2025-05-23T18:00:52.817140Z[0m [31mERROR[0m [2mglazewm[0m[2m:[0m channel closed
[2m2025-05-23T18:00:53.424405Z[0m [31mERROR[0m [2mglazewm[0m[2m:[0m channel closed
[2m2025-05-23T18:00:54.032105Z[0m [31mERROR[0m [2mglazewm[0m[2m:[0m channel closed
[2m2025-05-23T18:02:07.463025Z[0m [31mERROR[0m [2mglazewm[0m[2m:[0m channel closed
[2m2025-05-23T18:02:07.970927Z[0m [31mERROR[0m [2mglazewm[0m[2m:[0m channel closed
[2m2025-05-23T18:02:08.383658Z[0m [31mERROR[0m [2mglazewm[0m[2m:[0m channel closed
[2m2025-05-23T18:02:09.255678Z[0m [31mERROR[0m [2mglazewm[0m[2m:[0m channel closed
[2m2025-05-23T18:02:09.793275Z[0m [31mERROR[0m [2mglazewm[0m[2m:[0m channel closed
[2m2025-05-23T18:02:10.398160Z[0m [31mERROR[0m [2mglazewm[0m[2m:[0m channel closed
[2m2025-05-23T18:02:10.731266Z[0m [31mERROR[0m [2mglazewm[0m[2m:[0m channel closed
[2m2025-05-23T18:02:10.998301Z[0m [31mERROR[0m [2mglazewm[0m[2m:[0m channel closed
[2m2025-05-23T18:02:11.449994Z[0m [31mERROR[0m [2mglazewm[0m[2m:[0m channel closed
[2m2025-05-23T18:02:12.094658Z[0m [31mERROR[0m [2mglazewm[0m[2m:[0m channel closed
[2m2025-05-23T18:02:12.618200Z[0m [31mERROR[0m [2mglazewm[0m[2m:[0m channel closed
[2m2025-05-23T18:02:13.095057Z[0m [31mERROR[0m [2mglazewm[0m[2m:[0m channel closed
[2m2025-05-23T18:02:13.543792Z[0m [31mERROR[0m [2mglazewm[0m[2m:[0m channel closed
[2m2025-05-23T18:02:13.965294Z[0m [31mERROR[0m [2mglazewm[0m[2m:[0m channel closed
[2m2025-05-23T18:02:14.405795Z[0m [31mERROR[0m [2mglazewm[0m[2m:[0m channel closed
[2m2025-05-23T18:02:14.824546Z[0m [31mERROR[0m [2mglazewm[0m[2m:[0m channel closed
[2m2025-05-23T18:02:15.275995Z[0m [31mERROR[0m [2mglazewm[0m[2m:[0m channel closed
[2m2025-05-23T18:02:15.509486Z[0m [31mERROR[0m [2mglazewm[0m[2m:[0m channel closed
[2m2025-05-23T18:02:15.697957Z[0m [31mERROR[0m [2mglazewm[0m[2m:[0m channel closed
[2m2025-05-23T18:02:15.887154Z[0m [31mERROR[0m [2mglazewm[0m[2m:[0m channel closed
[2m2025-05-23T18:02:16.090543Z[0m [31mERROR[0m [2mglazewm[0m[2m:[0m channel closed
[2m2025-05-23T18:02:16.326703Z[0m [31mERROR[0m [2mglazewm[0m[2m:[0m channel closed
[2m2025-05-23T18:02:16.712285Z[0m [31mERROR[0m [2mglazewm[0m[2m:[0m channel closed
[2m2025-05-23T18:02:17.087745Z[0m [31mERROR[0m [2mglazewm[0m[2m:[0m channel closed
[2m2025-05-23T18:02:17.471623Z[0m [31mERROR[0m [2mglazewm[0m[2m:[0m channel closed
[2m2025-05-23T18:02:17.839943Z[0m [31mERROR[0m [2mglazewm[0m[2m:[0m channel closed
[2m2025-05-23T18:02:18.039881Z[0m [31mERROR[0m [2mglazewm[0m[2m:[0m channel closed
[2m2025-05-23T18:02:18.241507Z[0m [31mERROR[0m [2mglazewm[0m[2m:[0m channel closed
[2m2025-05-23T18:02:18.453875Z[0m [31mERROR[0m [2mglazewm[0m[2m:[0m channel closed
[2m2025-05-23T18:02:18.697122Z[0m [31mERROR[0m [2mglazewm[0m[2m:[0m channel closed
[2m2025-05-23T18:02:19.019191Z[0m [31mERROR[0m [2mglazewm[0m[2m:[0m channel closed
[2m2025-05-23T18:02:19.266918Z[0m [31mERROR[0m [2mglazewm[0m[2m:[0m channel closed
[2m2025-05-23T18:02:19.465427Z[0m [31mERROR[0m [2mglazewm[0m[2m:[0m channel closed
[2m2025-05-23T18:02:19.908792Z[0m [31mERROR[0m [2mglazewm[0m[2m:[0m channel closed
[2m2025-05-23T18:02:20.078573Z[0m [31mERROR[0m [2mglazewm[0m[2m:[0m channel closed
[2m2025-05-23T18:02:20.296574Z[0m [31mERROR[0m [2mglazewm[0m[2m:[0m channel closed
[2m2025-05-23T18:02:20.498100Z[0m [31mERROR[0m [2mglazewm[0m[2m:[0m channel closed
[2m2025-05-23T18:02:20.713448Z[0m [31mERROR[0m [2mglazewm[0m[2m:[0m channel closed
[2m2025-05-23T18:02:20.915137Z[0m [31mERROR[0m [2mglazewm[0m[2m:[0m channel closed
[2m2025-05-23T18:02:21.166574Z[0m [31mERROR[0m [2mglazewm[0m[2m:[0m channel closed
[2m2025-05-23T18:02:21.401847Z[0m [31mERROR[0m [2mglazewm[0m[2m:[0m channel closed
[2m2025-05-23T18:02:21.619722Z[0m [31mERROR[0m [2mglazewm[0m[2m:[0m channel closed
[2m2025-05-28T08:43:39.627101Z[0m [31mERROR[0m [2mglazewm[0m[2m:[0m channel closed
[2m2025-05-28T16:49:14.171240Z[0m [31mERROR[0m [2mglazewm[0m[2m:[0m channel closed
[2m2025-05-28T16:49:24.397001Z[0m [31mERROR[0m [2mglazewm[0m[2m:[0m channel closed
[2m2025-05-28T16:49:24.811361Z[0m [31mERROR[0m [2mglazewm[0m[2m:[0m channel closed
[2m2025-05-28T16:49:25.029949Z[0m [31mERROR[0m [2mglazewm[0m[2m:[0m channel closed
[2m2025-05-28T16:49:25.209450Z[0m [31mERROR[0m [2mglazewm[0m[2m:[0m channel closed
[2m2025-05-28T16:49:25.347221Z[0m [31mERROR[0m [2mglazewm[0m[2m:[0m channel closed
[2m2025-05-28T16:49:25.507765Z[0m [31mERROR[0m [2mglazewm[0m[2m:[0m channel closed
[2m2025-05-28T16:49:25.662033Z[0m [31mERROR[0m [2mglazewm[0m[2m:[0m channel closed
[2m2025-05-28T16:49:25.817762Z[0m [31mERROR[0m [2mglazewm[0m[2m:[0m channel closed
[2m2025-05-28T16:49:25.976953Z[0m [31mERROR[0m [2mglazewm[0m[2m:[0m channel closed
[2m2025-05-28T16:49:26.158053Z[0m [31mERROR[0m [2mglazewm[0m[2m:[0m channel closed
[2m2025-05-28T16:49:26.343265Z[0m [31mERROR[0m [2mglazewm[0m[2m:[0m channel closed
[2m2025-05-28T16:49:26.493407Z[0m [31mERROR[0m [2mglazewm[0m[2m:[0m channel closed
[2m2025-05-28T16:49:26.671284Z[0m [31mERROR[0m [2mglazewm[0m[2m:[0m channel closed
[2m2025-05-28T16:49:26.848235Z[0m [31mERROR[0m [2mglazewm[0m[2m:[0m channel closed
[2m2025-05-28T16:49:27.112719Z[0m [31mERROR[0m [2mglazewm[0m[2m:[0m channel closed
[2m2025-05-28T16:49:27.209372Z[0m [31mERROR[0m [2mglazewm[0m[2m:[0m channel closed
[2m2025-05-28T16:49:27.372105Z[0m [31mERROR[0m [2mglazewm[0m[2m:[0m channel closed
[2m2025-05-28T16:49:27.736612Z[0m [31mERROR[0m [2mglazewm[0m[2m:[0m channel closed
[2m2025-05-28T16:49:27.920256Z[0m [31mERROR[0m [2mglazewm[0m[2m:[0m channel closed
[2m2025-05-28T16:49:28.095823Z[0m [31mERROR[0m [2mglazewm[0m[2m:[0m channel closed
[2m2025-05-28T16:49:28.283230Z[0m [31mERROR[0m [2mglazewm[0m[2m:[0m channel closed
[2m2025-05-28T16:49:28.593283Z[0m [31mERROR[0m [2mglazewm[0m[2m:[0m channel closed
[2m2025-05-28T16:49:28.799817Z[0m [31mERROR[0m [2mglazewm[0m[2m:[0m channel closed
[2m2025-05-28T16:49:29.123995Z[0m [31mERROR[0m [2mglazewm[0m[2m:[0m channel closed
[2m2025-05-28T16:49:29.351888Z[0m [31mERROR[0m [2mglazewm[0m[2m:[0m channel closed
[2m2025-05-28T16:49:29.535533Z[0m [31mERROR[0m [2mglazewm[0m[2m:[0m channel closed
[2m2025-05-28T16:49:29.691629Z[0m [31mERROR[0m [2mglazewm[0m[2m:[0m channel closed
[2m2025-05-28T16:49:29.869966Z[0m [31mERROR[0m [2mglazewm[0m[2m:[0m channel closed
[2m2025-05-28T16:49:30.050766Z[0m [31mERROR[0m [2mglazewm[0m[2m:[0m channel closed
[2m2025-05-28T16:49:30.224197Z[0m [31mERROR[0m [2mglazewm[0m[2m:[0m channel closed
[2m2025-05-28T16:49:30.389783Z[0m [31mERROR[0m [2mglazewm[0m[2m:[0m channel closed
[2m2025-05-28T16:49:30.569530Z[0m [31mERROR[0m [2mglazewm[0m[2m:[0m channel closed
[2m2025-05-28T16:49:30.744894Z[0m [31mERROR[0m [2mglazewm[0m[2m:[0m channel closed
[2m2025-05-28T16:49:30.901781Z[0m [31mERROR[0m [2mglazewm[0m[2m:[0m channel closed
[2m2025-05-28T16:49:31.084078Z[0m [31mERROR[0m [2mglazewm[0m[2m:[0m channel closed
[2m2025-05-28T16:49:31.267417Z[0m [31mERROR[0m [2mglazewm[0m[2m:[0m channel closed
[2m2025-05-28T16:49:31.465240Z[0m [31mERROR[0m [2mglazewm[0m[2m:[0m channel closed
[2m2025-05-28T16:49:31.623379Z[0m [31mERROR[0m [2mglazewm[0m[2m:[0m channel closed
[2m2025-05-28T16:49:31.805363Z[0m [31mERROR[0m [2mglazewm[0m[2m:[0m channel closed
[2m2025-05-28T16:49:31.983961Z[0m [31mERROR[0m [2mglazewm[0m[2m:[0m channel closed
[2m2025-05-28T16:49:32.167303Z[0m [31mERROR[0m [2mglazewm[0m[2m:[0m channel closed
[2m2025-05-28T16:49:32.339040Z[0m [31mERROR[0m [2mglazewm[0m[2m:[0m channel closed
[2m2025-05-28T16:49:32.526310Z[0m [31mERROR[0m [2mglazewm[0m[2m:[0m channel closed
[2m2025-05-29T07:41:43.224593Z[0m [31mERROR[0m [2mglazewm[0m[2m:[0m channel closed
[2m2025-05-29T20:19:55.161030Z[0m [31mERROR[0m [2mglazewm[0m[2m:[0m channel closed
[2m2025-05-29T20:19:56.676935Z[0m [31mERROR[0m [2mglazewm[0m[2m:[0m channel closed
[2m2025-05-29T20:19:57.049131Z[0m [31mERROR[0m [2mglazewm[0m[2m:[0m channel closed
[2m2025-05-29T20:19:57.433339Z[0m [31mERROR[0m [2mglazewm[0m[2m:[0m channel closed
[2m2025-05-29T20:19:57.798328Z[0m [31mERROR[0m [2mglazewm[0m[2m:[0m channel closed
[2m2025-05-29T20:19:58.169208Z[0m [31mERROR[0m [2mglazewm[0m[2m:[0m channel closed
[2m2025-05-29T20:19:58.360273Z[0m [31mERROR[0m [2mglazewm[0m[2m:[0m channel closed
[2m2025-05-29T20:19:58.864635Z[0m [31mERROR[0m [2mglazewm[0m[2m:[0m channel closed
[2m2025-05-29T20:19:59.190642Z[0m [31mERROR[0m [2mglazewm[0m[2m:[0m channel closed
[2m2025-05-29T20:20:01.104259Z[0m [31mERROR[0m [2mglazewm[0m[2m:[0m channel closed
[2m2025-05-29T20:20:01.398982Z[0m [31mERROR[0m [2mglazewm[0m[2m:[0m channel closed
[2m2025-05-29T20:20:01.789886Z[0m [31mERROR[0m [2mglazewm[0m[2m:[0m channel closed
[2m2025-05-29T20:20:02.156056Z[0m [31mERROR[0m [2mglazewm[0m[2m:[0m channel closed
[2m2025-05-29T20:20:02.526018Z[0m [31mERROR[0m [2mglazewm[0m[2m:[0m channel closed
[2m2025-05-29T20:20:02.738262Z[0m [31mERROR[0m [2mglazewm[0m[2m:[0m channel closed
[2m2025-05-29T20:20:03.101100Z[0m [31mERROR[0m [2mglazewm[0m[2m:[0m channel closed
[2m2025-05-29T20:20:03.298630Z[0m [31mERROR[0m [2mglazewm[0m[2m:[0m channel closed
[2m2025-05-29T20:20:03.486037Z[0m [31mERROR[0m [2mglazewm[0m[2m:[0m channel closed
[2m2025-05-29T20:20:03.720239Z[0m [31mERROR[0m [2mglazewm[0m[2m:[0m channel closed
[2m2025-05-29T20:20:04.153981Z[0m [31mERROR[0m [2mglazewm[0m[2m:[0m channel closed
[2m2025-05-29T20:20:04.470154Z[0m [31mERROR[0m [2mglazewm[0m[2m:[0m channel closed
[2m2025-05-29T20:20:04.702040Z[0m [31mERROR[0m [2mglazewm[0m[2m:[0m channel closed
[2m2025-05-29T20:20:05.062554Z[0m [31mERROR[0m [2mglazewm[0m[2m:[0m channel closed
[2m2025-05-29T20:20:05.288680Z[0m [31mERROR[0m [2mglazewm[0m[2m:[0m channel closed
[2m2025-05-29T20:20:05.502092Z[0m [31mERROR[0m [2mglazewm[0m[2m:[0m channel closed
[2m2025-05-29T20:20:05.713086Z[0m [31mERROR[0m [2mglazewm[0m[2m:[0m channel closed
[2m2025-05-29T20:20:05.896370Z[0m [31mERROR[0m [2mglazewm[0m[2m:[0m channel closed
[2m2025-05-29T20:20:06.090857Z[0m [31mERROR[0m [2mglazewm[0m[2m:[0m channel closed
[2m2025-05-29T20:20:06.290989Z[0m [31mERROR[0m [2mglazewm[0m[2m:[0m channel closed
[2m2025-05-29T20:20:06.494737Z[0m [31mERROR[0m [2mglazewm[0m[2m:[0m channel closed
[2m2025-05-29T20:20:06.689979Z[0m [31mERROR[0m [2mglazewm[0m[2m:[0m channel closed
[2m2025-05-29T20:20:06.881422Z[0m [31mERROR[0m [2mglazewm[0m[2m:[0m channel closed
[2m2025-05-29T20:20:07.086700Z[0m [31mERROR[0m [2mglazewm[0m[2m:[0m channel closed
[2m2025-05-29T20:20:07.278814Z[0m [31mERROR[0m [2mglazewm[0m[2m:[0m channel closed
[2m2025-05-29T20:20:07.512214Z[0m [31mERROR[0m [2mglazewm[0m[2m:[0m channel closed
[2m2025-05-29T20:20:07.785153Z[0m [31mERROR[0m [2mglazewm[0m[2m:[0m channel closed
[2m2025-05-29T20:20:08.260173Z[0m [31mERROR[0m [2mglazewm[0m[2m:[0m channel closed
[2m2025-05-29T20:20:08.485147Z[0m [31mERROR[0m [2mglazewm[0m[2m:[0m channel closed
[2m2025-05-29T20:20:08.728088Z[0m [31mERROR[0m [2mglazewm[0m[2m:[0m channel closed
[2m2025-05-29T20:20:08.956771Z[0m [31mERROR[0m [2mglazewm[0m[2m:[0m channel closed
[2m2025-05-29T20:20:09.340604Z[0m [31mERROR[0m [2mglazewm[0m[2m:[0m channel closed
[2m2025-05-29T20:20:09.548508Z[0m [31mERROR[0m [2mglazewm[0m[2m:[0m channel closed
[2m2025-05-29T20:20:09.740604Z[0m [31mERROR[0m [2mglazewm[0m[2m:[0m channel closed
[2m2025-05-29T20:20:09.956302Z[0m [31mERROR[0m [2mglazewm[0m[2m:[0m channel closed
[2m2025-05-29T20:20:10.182340Z[0m [31mERROR[0m [2mglazewm[0m[2m:[0m channel closed
[2m2025-05-29T20:20:10.585783Z[0m [31mERROR[0m [2mglazewm[0m[2m:[0m channel closed
[2m2025-05-29T20:20:10.814458Z[0m [31mERROR[0m [2mglazewm[0m[2m:[0m channel closed
[2m2025-05-29T20:20:11.012506Z[0m [31mERROR[0m [2mglazewm[0m[2m:[0m channel closed
[2m2025-05-29T20:20:11.247916Z[0m [31mERROR[0m [2mglazewm[0m[2m:[0m channel closed
[2m2025-05-29T20:20:11.927704Z[0m [31mERROR[0m [2mglazewm[0m[2m:[0m channel closed
[2m2025-05-29T20:20:12.133008Z[0m [31mERROR[0m [2mglazewm[0m[2m:[0m channel closed
[2m2025-05-29T20:20:12.330786Z[0m [31mERROR[0m [2mglazewm[0m[2m:[0m channel closed
[2m2025-05-29T20:20:12.533651Z[0m [31mERROR[0m [2mglazewm[0m[2m:[0m channel closed
[2m2025-05-29T20:20:12.738853Z[0m [31mERROR[0m [2mglazewm[0m[2m:[0m channel closed
[2m2025-05-29T20:20:12.929184Z[0m [31mERROR[0m [2mglazewm[0m[2m:[0m channel closed
[2m2025-05-29T20:20:13.131668Z[0m [31mERROR[0m [2mglazewm[0m[2m:[0m channel closed
[2m2025-05-29T20:20:13.349839Z[0m [31mERROR[0m [2mglazewm[0m[2m:[0m channel closed
[2m2025-05-29T20:20:13.582428Z[0m [31mERROR[0m [2mglazewm[0m[2m:[0m channel closed
[2m2025-05-29T20:20:13.978019Z[0m [31mERROR[0m [2mglazewm[0m[2m:[0m channel closed
[2m2025-05-29T20:20:14.205885Z[0m [31mERROR[0m [2mglazewm[0m[2m:[0m channel closed
[2m2025-05-29T20:20:14.517157Z[0m [31mERROR[0m [2mglazewm[0m[2m:[0m channel closed
[2m2025-05-29T20:20:14.738799Z[0m [31mERROR[0m [2mglazewm[0m[2m:[0m channel closed
[2m2025-05-29T20:20:14.959078Z[0m [31mERROR[0m [2mglazewm[0m[2m:[0m channel closed
[2m2025-05-29T20:20:15.172643Z[0m [31mERROR[0m [2mglazewm[0m[2m:[0m channel closed
[2m2025-05-29T20:20:15.374540Z[0m [31mERROR[0m [2mglazewm[0m[2m:[0m channel closed
[2m2025-05-29T20:20:15.593354Z[0m [31mERROR[0m [2mglazewm[0m[2m:[0m channel closed
[2m2025-05-29T20:20:15.992601Z[0m [31mERROR[0m [2mglazewm[0m[2m:[0m channel closed
[2m2025-05-29T20:20:16.200590Z[0m [31mERROR[0m [2mglazewm[0m[2m:[0m channel closed
[2m2025-05-29T20:20:16.386997Z[0m [31mERROR[0m [2mglazewm[0m[2m:[0m channel closed
[2m2025-05-29T20:20:16.586219Z[0m [31mERROR[0m [2mglazewm[0m[2m:[0m channel closed
[2m2025-05-29T20:20:16.786369Z[0m [31mERROR[0m [2mglazewm[0m[2m:[0m channel closed
[2m2025-05-29T20:20:16.999721Z[0m [31mERROR[0m [2mglazewm[0m[2m:[0m channel closed
[2m2025-05-29T20:20:17.372978Z[0m [31mERROR[0m [2mglazewm[0m[2m:[0m channel closed
[2m2025-05-29T20:20:17.587985Z[0m [31mERROR[0m [2mglazewm[0m[2m:[0m channel closed
[2m2025-05-29T20:20:18.765684Z[0m [31mERROR[0m [2mglazewm[0m[2m:[0m channel closed
[2m2025-05-29T20:20:19.418524Z[0m [31mERROR[0m [2mglazewm[0m[2m:[0m channel closed
[2m2025-05-29T20:20:19.917396Z[0m [31mERROR[0m [2mglazewm[0m[2m:[0m channel closed
[2m2025-05-29T20:20:20.129928Z[0m [31mERROR[0m [2mglazewm[0m[2m:[0m channel closed
[2m2025-05-29T20:20:20.515474Z[0m [31mERROR[0m [2mglazewm[0m[2m:[0m channel closed
[2m2025-05-29T20:20:20.739164Z[0m [31mERROR[0m [2mglazewm[0m[2m:[0m channel closed
[2m2025-05-29T20:20:20.961544Z[0m [31mERROR[0m [2mglazewm[0m[2m:[0m channel closed
[2m2025-05-29T20:20:21.133350Z[0m [31mERROR[0m [2mglazewm[0m[2m:[0m channel closed
[2m2025-05-29T20:20:21.364459Z[0m [31mERROR[0m [2mglazewm[0m[2m:[0m channel closed
[2m2025-05-29T20:20:21.538883Z[0m [31mERROR[0m [2mglazewm[0m[2m:[0m channel closed
[2m2025-05-29T20:20:21.744794Z[0m [31mERROR[0m [2mglazewm[0m[2m:[0m channel closed
[2m2025-05-29T20:20:21.948704Z[0m [31mERROR[0m [2mglazewm[0m[2m:[0m channel closed
[2m2025-05-29T20:20:22.151829Z[0m [31mERROR[0m [2mglazewm[0m[2m:[0m channel closed
[2m2025-05-29T20:20:22.352572Z[0m [31mERROR[0m [2mglazewm[0m[2m:[0m channel closed
[2m2025-05-29T20:20:22.598641Z[0m [31mERROR[0m [2mglazewm[0m[2m:[0m channel closed
[2m2025-05-29T20:20:23.090600Z[0m [31mERROR[0m [2mglazewm[0m[2m:[0m channel closed
[2m2025-05-29T20:20:23.388566Z[0m [31mERROR[0m [2mglazewm[0m[2m:[0m channel closed
[2m2025-05-29T20:20:23.611314Z[0m [31mERROR[0m [2mglazewm[0m[2m:[0m channel closed
[2m2025-05-29T20:20:23.822738Z[0m [31mERROR[0m [2mglazewm[0m[2m:[0m channel closed
[2m2025-05-29T20:20:24.034457Z[0m [31mERROR[0m [2mglazewm[0m[2m:[0m channel closed
[2m2025-05-29T20:20:24.256159Z[0m [31mERROR[0m [2mglazewm[0m[2m:[0m channel closed
[2m2025-05-29T20:20:24.451180Z[0m [31mERROR[0m [2mglazewm[0m[2m:[0m channel closed
[2m2025-05-29T20:20:24.664187Z[0m [31mERROR[0m [2mglazewm[0m[2m:[0m channel closed
[2m2025-05-29T20:20:24.875070Z[0m [31mERROR[0m [2mglazewm[0m[2m:[0m channel closed
[2m2025-05-29T20:20:25.081545Z[0m [31mERROR[0m [2mglazewm[0m[2m:[0m channel closed
[2m2025-05-29T20:20:25.294461Z[0m [31mERROR[0m [2mglazewm[0m[2m:[0m channel closed
[2m2025-05-29T20:20:25.498038Z[0m [31mERROR[0m [2mglazewm[0m[2m:[0m channel closed
[2m2025-05-29T20:20:25.714987Z[0m [31mERROR[0m [2mglazewm[0m[2m:[0m channel closed
[2m2025-05-29T20:20:25.925977Z[0m [31mERROR[0m [2mglazewm[0m[2m:[0m channel closed
[2m2025-05-29T20:20:26.141096Z[0m [31mERROR[0m [2mglazewm[0m[2m:[0m channel closed
[2m2025-05-29T20:20:26.352452Z[0m [31mERROR[0m [2mglazewm[0m[2m:[0m channel closed
[2m2025-05-29T20:20:26.550107Z[0m [31mERROR[0m [2mglazewm[0m[2m:[0m channel closed
[2m2025-05-29T20:20:26.747940Z[0m [31mERROR[0m [2mglazewm[0m[2m:[0m channel closed
[2m2025-05-29T20:20:26.944633Z[0m [31mERROR[0m [2mglazewm[0m[2m:[0m channel closed
[2m2025-05-29T20:20:27.158536Z[0m [31mERROR[0m [2mglazewm[0m[2m:[0m channel closed
[2m2025-05-29T20:20:27.359390Z[0m [31mERROR[0m [2mglazewm[0m[2m:[0m channel closed
[2m2025-05-29T20:20:27.564174Z[0m [31mERROR[0m [2mglazewm[0m[2m:[0m channel closed
[2m2025-05-29T20:20:27.787789Z[0m [31mERROR[0m [2mglazewm[0m[2m:[0m channel closed
[2m2025-05-29T20:20:27.983931Z[0m [31mERROR[0m [2mglazewm[0m[2m:[0m channel closed
[2m2025-05-29T20:20:28.206829Z[0m [31mERROR[0m [2mglazewm[0m[2m:[0m channel closed
[2m2025-05-29T20:20:28.407118Z[0m [31mERROR[0m [2mglazewm[0m[2m:[0m channel closed
[2m2025-05-29T20:20:28.624631Z[0m [31mERROR[0m [2mglazewm[0m[2m:[0m channel closed
[2m2025-05-29T20:20:28.848546Z[0m [31mERROR[0m [2mglazewm[0m[2m:[0m channel closed
[2m2025-05-29T20:20:29.022683Z[0m [31mERROR[0m [2mglazewm[0m[2m:[0m channel closed
[2m2025-05-29T20:20:29.225530Z[0m [31mERROR[0m [2mglazewm[0m[2m:[0m channel closed
[2m2025-05-31T08:42:26.203164Z[0m [31mERROR[0m [2mglazewm[0m[2m:[0m channel closed
[2m2025-06-02T01:21:35.120595Z[0m [31mERROR[0m [2mglazewm[0m[2m:[0m channel closed
[2m2025-06-02T01:21:35.707366Z[0m [31mERROR[0m [2mglazewm[0m[2m:[0m channel closed
[2m2025-06-02T01:21:35.924448Z[0m [31mERROR[0m [2mglazewm[0m[2m:[0m channel closed
[2m2025-06-02T01:21:36.654724Z[0m [31mERROR[0m [2mglazewm[0m[2m:[0m channel closed
[2m2025-06-02T01:21:36.882829Z[0m [31mERROR[0m [2mglazewm[0m[2m:[0m channel closed
[2m2025-06-02T01:21:37.098391Z[0m [31mERROR[0m [2mglazewm[0m[2m:[0m channel closed
[2m2025-06-02T01:21:39.016792Z[0m [31mERROR[0m [2mglazewm[0m[2m:[0m channel closed
[2m2025-06-02T01:21:40.012679Z[0m [31mERROR[0m [2mglazewm[0m[2m:[0m channel closed
[2m2025-06-02T01:21:40.538284Z[0m [31mERROR[0m [2mglazewm[0m[2m:[0m channel closed
[2m2025-06-02T01:21:40.819074Z[0m [31mERROR[0m [2mglazewm[0m[2m:[0m channel closed
[2m2025-06-02T01:21:41.044701Z[0m [31mERROR[0m [2mglazewm[0m[2m:[0m channel closed
[2m2025-06-02T01:21:41.240830Z[0m [31mERROR[0m [2mglazewm[0m[2m:[0m channel closed
[2m2025-06-02T01:21:41.565804Z[0m [31mERROR[0m [2mglazewm[0m[2m:[0m channel closed
[2m2025-06-02T01:21:41.947453Z[0m [31mERROR[0m [2mglazewm[0m[2m:[0m channel closed
[2m2025-06-02T01:21:42.150351Z[0m [31mERROR[0m [2mglazewm[0m[2m:[0m channel closed
[2m2025-06-02T01:21:42.325738Z[0m [31mERROR[0m [2mglazewm[0m[2m:[0m channel closed
[2m2025-06-02T01:21:42.779346Z[0m [31mERROR[0m [2mglazewm[0m[2m:[0m channel closed
[2m2025-06-02T01:21:42.993010Z[0m [31mERROR[0m [2mglazewm[0m[2m:[0m channel closed
[2m2025-06-02T01:21:47.371906Z[0m [31mERROR[0m [2mglazewm[0m[2m:[0m channel closed
[2m2025-06-02T01:21:48.238309Z[0m [31mERROR[0m [2mglazewm[0m[2m:[0m channel closed
[2m2025-06-02T01:21:48.512112Z[0m [31mERROR[0m [2mglazewm[0m[2m:[0m channel closed
[2m2025-06-02T01:21:48.759924Z[0m [31mERROR[0m [2mglazewm[0m[2m:[0m channel closed
[2m2025-06-02T01:21:48.953811Z[0m [31mERROR[0m [2mglazewm[0m[2m:[0m channel closed
[2m2025-06-02T01:21:49.336551Z[0m [31mERROR[0m [2mglazewm[0m[2m:[0m channel closed
[2m2025-06-02T01:21:49.562654Z[0m [31mERROR[0m [2mglazewm[0m[2m:[0m channel closed
[2m2025-06-02T01:21:49.757658Z[0m [31mERROR[0m [2mglazewm[0m[2m:[0m channel closed
[2m2025-06-02T01:21:49.984654Z[0m [31mERROR[0m [2mglazewm[0m[2m:[0m channel closed
[2m2025-06-02T01:21:50.185879Z[0m [31mERROR[0m [2mglazewm[0m[2m:[0m channel closed
[2m2025-06-02T01:21:50.399154Z[0m [31mERROR[0m [2mglazewm[0m[2m:[0m channel closed
[2m2025-06-02T01:21:50.636196Z[0m [31mERROR[0m [2mglazewm[0m[2m:[0m channel closed
[2m2025-06-02T01:21:50.865685Z[0m [31mERROR[0m [2mglazewm[0m[2m:[0m channel closed
[2m2025-06-02T01:21:51.366630Z[0m [31mERROR[0m [2mglazewm[0m[2m:[0m channel closed
[2m2025-06-02T01:21:52.060280Z[0m [31mERROR[0m [2mglazewm[0m[2m:[0m channel closed
[2m2025-06-02T01:21:52.485883Z[0m [31mERROR[0m [2mglazewm[0m[2m:[0m channel closed
[2m2025-06-02T01:21:52.894092Z[0m [31mERROR[0m [2mglazewm[0m[2m:[0m channel closed
[2m2025-06-02T01:21:53.094104Z[0m [31mERROR[0m [2mglazewm[0m[2m:[0m channel closed
[2m2025-06-02T01:21:53.313817Z[0m [31mERROR[0m [2mglazewm[0m[2m:[0m channel closed
[2m2025-06-02T01:21:53.498221Z[0m [31mERROR[0m [2mglazewm[0m[2m:[0m channel closed
[2m2025-06-02T01:21:53.705280Z[0m [31mERROR[0m [2mglazewm[0m[2m:[0m channel closed
[2m2025-06-02T01:21:53.878023Z[0m [31mERROR[0m [2mglazewm[0m[2m:[0m channel closed
[2m2025-06-02T01:21:54.094751Z[0m [31mERROR[0m [2mglazewm[0m[2m:[0m channel closed
[2m2025-06-02T01:21:54.271892Z[0m [31mERROR[0m [2mglazewm[0m[2m:[0m channel closed
[2m2025-06-02T01:21:54.482236Z[0m [31mERROR[0m [2mglazewm[0m[2m:[0m channel closed
[2m2025-06-02T01:21:54.683812Z[0m [31mERROR[0m [2mglazewm[0m[2m:[0m channel closed
[2m2025-06-02T01:21:54.891220Z[0m [31mERROR[0m [2mglazewm[0m[2m:[0m channel closed
[2m2025-06-02T01:21:55.080232Z[0m [31mERROR[0m [2mglazewm[0m[2m:[0m channel closed
[2m2025-06-02T01:21:55.293029Z[0m [31mERROR[0m [2mglazewm[0m[2m:[0m channel closed
[2m2025-06-02T01:21:55.514970Z[0m [31mERROR[0m [2mglazewm[0m[2m:[0m channel closed
[2m2025-06-02T01:21:55.715388Z[0m [31mERROR[0m [2mglazewm[0m[2m:[0m channel closed
[2m2025-06-02T01:21:55.930682Z[0m [31mERROR[0m [2mglazewm[0m[2m:[0m channel closed
[2m2025-06-02T01:21:56.143367Z[0m [31mERROR[0m [2mglazewm[0m[2m:[0m channel closed
[2m2025-06-02T01:21:56.327950Z[0m [31mERROR[0m [2mglazewm[0m[2m:[0m channel closed
[2m2025-06-02T01:21:56.542430Z[0m [31mERROR[0m [2mglazewm[0m[2m:[0m channel closed
[2m2025-06-02T01:21:56.748596Z[0m [31mERROR[0m [2mglazewm[0m[2m:[0m channel closed
[2m2025-06-02T01:21:56.951180Z[0m [31mERROR[0m [2mglazewm[0m[2m:[0m channel closed
[2m2025-06-02T01:21:57.190490Z[0m [31mERROR[0m [2mglazewm[0m[2m:[0m channel closed
[2m2025-06-02T01:21:57.386440Z[0m [31mERROR[0m [2mglazewm[0m[2m:[0m channel closed
[2m2025-06-02T01:21:57.736024Z[0m [31mERROR[0m [2mglazewm[0m[2m:[0m channel closed
[2m2025-06-02T01:21:57.961447Z[0m [31mERROR[0m [2mglazewm[0m[2m:[0m channel closed
[2m2025-06-02T01:21:58.175696Z[0m [31mERROR[0m [2mglazewm[0m[2m:[0m channel closed
[2m2025-06-02T01:21:58.379922Z[0m [31mERROR[0m [2mglazewm[0m[2m:[0m channel closed
[2m2025-06-02T01:21:58.564689Z[0m [31mERROR[0m [2mglazewm[0m[2m:[0m channel closed
[2m2025-06-02T01:21:58.784567Z[0m [31mERROR[0m [2mglazewm[0m[2m:[0m channel closed
[2m2025-06-02T01:21:58.989596Z[0m [31mERROR[0m [2mglazewm[0m[2m:[0m channel closed
[2m2025-06-02T01:21:59.214178Z[0m [31mERROR[0m [2mglazewm[0m[2m:[0m channel closed
[2m2025-06-02T01:21:59.401070Z[0m [31mERROR[0m [2mglazewm[0m[2m:[0m channel closed
[2m2025-06-02T01:21:59.626517Z[0m [31mERROR[0m [2mglazewm[0m[2m:[0m channel closed
[2m2025-06-02T01:21:59.909377Z[0m [31mERROR[0m [2mglazewm[0m[2m:[0m channel closed
[2m2025-06-02T01:22:00.331505Z[0m [31mERROR[0m [2mglazewm[0m[2m:[0m channel closed
[2m2025-06-02T01:22:00.553887Z[0m [31mERROR[0m [2mglazewm[0m[2m:[0m channel closed
[2m2025-06-02T01:22:00.877646Z[0m [31mERROR[0m [2mglazewm[0m[2m:[0m channel closed
[2m2025-06-02T01:22:01.181506Z[0m [31mERROR[0m [2mglazewm[0m[2m:[0m channel closed
[2m2025-06-02T01:22:01.442370Z[0m [31mERROR[0m [2mglazewm[0m[2m:[0m channel closed
[2m2025-06-02T01:22:01.648974Z[0m [31mERROR[0m [2mglazewm[0m[2m:[0m channel closed
[2m2025-06-02T01:22:01.865466Z[0m [31mERROR[0m [2mglazewm[0m[2m:[0m channel closed
[2m2025-06-02T01:22:02.057856Z[0m [31mERROR[0m [2mglazewm[0m[2m:[0m channel closed
[2m2025-06-02T01:22:02.374175Z[0m [31mERROR[0m [2mglazewm[0m[2m:[0m channel closed
[2m2025-06-02T01:22:02.749736Z[0m [31mERROR[0m [2mglazewm[0m[2m:[0m channel closed
[2m2025-06-02T01:22:02.979040Z[0m [31mERROR[0m [2mglazewm[0m[2m:[0m channel closed
[2m2025-06-02T01:22:04.389275Z[0m [31mERROR[0m [2mglazewm[0m[2m:[0m channel closed
[2m2025-06-02T01:22:05.033785Z[0m [31mERROR[0m [2mglazewm[0m[2m:[0m channel closed
[2m2025-06-02T01:22:05.342910Z[0m [31mERROR[0m [2mglazewm[0m[2m:[0m channel closed
[2m2025-06-02T01:22:05.607680Z[0m [31mERROR[0m [2mglazewm[0m[2m:[0m channel closed
[2m2025-06-02T01:22:05.903103Z[0m [31mERROR[0m [2mglazewm[0m[2m:[0m channel closed
[2m2025-06-02T01:22:06.232641Z[0m [31mERROR[0m [2mglazewm[0m[2m:[0m channel closed
[2m2025-06-02T01:22:06.760861Z[0m [31mERROR[0m [2mglazewm[0m[2m:[0m channel closed
[2m2025-06-02T01:22:07.414162Z[0m [31mERROR[0m [2mglazewm[0m[2m:[0m channel closed
[2m2025-06-02T01:22:07.731852Z[0m [31mERROR[0m [2mglazewm[0m[2m:[0m channel closed
[2m2025-06-02T01:22:08.316935Z[0m [31mERROR[0m [2mglazewm[0m[2m:[0m channel closed
[2m2025-06-02T01:22:08.808045Z[0m [31mERROR[0m [2mglazewm[0m[2m:[0m channel closed
[2m2025-06-02T01:22:09.391545Z[0m [31mERROR[0m [2mglazewm[0m[2m:[0m channel closed
[2m2025-06-02T01:22:10.009724Z[0m [31mERROR[0m [2mglazewm[0m[2m:[0m channel closed
[2m2025-06-02T01:22:10.899761Z[0m [31mERROR[0m [2mglazewm[0m[2m:[0m channel closed
[2m2025-06-02T01:22:11.431551Z[0m [31mERROR[0m [2mglazewm[0m[2m:[0m channel closed
[2m2025-06-02T01:22:11.906999Z[0m [31mERROR[0m [2mglazewm[0m[2m:[0m channel closed
[2m2025-06-02T01:22:12.367224Z[0m [31mERROR[0m [2mglazewm[0m[2m:[0m channel closed
[2m2025-06-02T01:22:12.889875Z[0m [31mERROR[0m [2mglazewm[0m[2m:[0m channel closed
[2m2025-06-02T01:22:13.403511Z[0m [31mERROR[0m [2mglazewm[0m[2m:[0m channel closed
[2m2025-06-02T01:22:13.821041Z[0m [31mERROR[0m [2mglazewm[0m[2m:[0m channel closed
[2m2025-06-02T01:22:21.695951Z[0m [31mERROR[0m [2mglazewm[0m[2m:[0m channel closed
[2m2025-06-02T01:22:27.699357Z[0m [31mERROR[0m [2mglazewm[0m[2m:[0m channel closed
[2m2025-06-02T01:22:28.100819Z[0m [31mERROR[0m [2mglazewm[0m[2m:[0m channel closed
[2m2025-06-02T01:22:37.538541Z[0m [31mERROR[0m [2mglazewm[0m[2m:[0m channel closed
[2m2025-06-02T01:22:38.063307Z[0m [31mERROR[0m [2mglazewm[0m[2m:[0m channel closed
[2m2025-06-02T01:22:38.573716Z[0m [31mERROR[0m [2mglazewm[0m[2m:[0m channel closed
[2m2025-06-02T01:22:39.191304Z[0m [31mERROR[0m [2mglazewm[0m[2m:[0m channel closed
[2m2025-06-02T01:22:41.262212Z[0m [31mERROR[0m [2mglazewm[0m[2m:[0m channel closed
[2m2025-06-02T01:22:46.065456Z[0m [31mERROR[0m [2mglazewm[0m[2m:[0m channel closed
[2m2025-06-02T01:22:50.399157Z[0m [31mERROR[0m [2mglazewm[0m[2m:[0m Another instance of the application is already running.
[2m2025-06-02T01:22:52.271431Z[0m [31mERROR[0m [2mglazewm[0m[2m:[0m channel closed
[2m2025-06-02T01:22:52.802423Z[0m [31mERROR[0m [2mglazewm[0m[2m:[0m channel closed
[2m2025-06-02T01:22:53.039216Z[0m [31mERROR[0m [2mglazewm[0m[2m:[0m channel closed
[2m2025-06-02T01:22:53.310276Z[0m [31mERROR[0m [2mglazewm[0m[2m:[0m channel closed
[2m2025-06-02T01:22:53.604490Z[0m [31mERROR[0m [2mglazewm[0m[2m:[0m channel closed
[2m2025-06-02T01:22:53.832132Z[0m [31mERROR[0m [2mglazewm[0m[2m:[0m channel closed
[2m2025-06-02T01:22:54.175331Z[0m [31mERROR[0m [2mglazewm[0m[2m:[0m channel closed
[2m2025-06-02T01:22:54.570240Z[0m [31mERROR[0m [2mglazewm[0m[2m:[0m channel closed
[2m2025-06-02T01:22:54.848970Z[0m [31mERROR[0m [2mglazewm[0m[2m:[0m channel closed
[2m2025-06-02T01:22:55.194908Z[0m [31mERROR[0m [2mglazewm[0m[2m:[0m channel closed
[2m2025-06-02T01:22:55.701191Z[0m [31mERROR[0m [2mglazewm[0m[2m:[0m channel closed
[2m2025-06-02T01:22:56.119662Z[0m [31mERROR[0m [2mglazewm[0m[2m:[0m channel closed
[2m2025-06-02T01:22:56.351759Z[0m [31mERROR[0m [2mglazewm[0m[2m:[0m channel closed
[2m2025-06-02T01:22:56.867777Z[0m [31mERROR[0m [2mglazewm[0m[2m:[0m channel closed
[2m2025-06-02T01:22:57.598094Z[0m [31mERROR[0m [2mglazewm[0m[2m:[0m channel closed
[2m2025-06-02T01:22:57.939746Z[0m [31mERROR[0m [2mglazewm[0m[2m:[0m channel closed
[2m2025-06-02T01:22:58.389859Z[0m [31mERROR[0m [2mglazewm[0m[2m:[0m channel closed
[2m2025-06-02T01:22:58.812553Z[0m [31mERROR[0m [2mglazewm[0m[2m:[0m channel closed
[2m2025-06-02T01:22:59.146656Z[0m [31mERROR[0m [2mglazewm[0m[2m:[0m channel closed
[2m2025-06-02T01:22:59.500747Z[0m [31mERROR[0m [2mglazewm[0m[2m:[0m channel closed
[2m2025-06-02T01:22:59.775511Z[0m [31mERROR[0m [2mglazewm[0m[2m:[0m channel closed
[2m2025-06-02T01:23:00.214901Z[0m [31mERROR[0m [2mglazewm[0m[2m:[0m channel closed
[2m2025-06-02T01:23:00.720559Z[0m [31mERROR[0m [2mglazewm[0m[2m:[0m channel closed
[2m2025-06-02T01:23:01.074944Z[0m [31mERROR[0m [2mglazewm[0m[2m:[0m channel closed
[2m2025-06-02T01:23:01.509009Z[0m [31mERROR[0m [2mglazewm[0m[2m:[0m channel closed
[2m2025-06-02T01:23:01.706991Z[0m [31mERROR[0m [2mglazewm[0m[2m:[0m channel closed
[2m2025-06-02T01:23:02.726673Z[0m [31mERROR[0m [2mglazewm[0m[2m:[0m channel closed
[2m2025-06-02T01:23:03.105092Z[0m [31mERROR[0m [2mglazewm[0m[2m:[0m channel closed
[2m2025-06-02T01:23:03.475592Z[0m [31mERROR[0m [2mglazewm[0m[2m:[0m channel closed
[2m2025-06-02T01:23:03.916542Z[0m [31mERROR[0m [2mglazewm[0m[2m:[0m channel closed
[2m2025-06-02T01:23:04.254333Z[0m [31mERROR[0m [2mglazewm[0m[2m:[0m channel closed
[2m2025-06-02T01:23:04.644470Z[0m [31mERROR[0m [2mglazewm[0m[2m:[0m channel closed
[2m2025-06-02T01:23:04.860445Z[0m [31mERROR[0m [2mglazewm[0m[2m:[0m channel closed
[2m2025-06-02T01:23:05.210156Z[0m [31mERROR[0m [2mglazewm[0m[2m:[0m channel closed
[2m2025-06-02T01:23:05.426171Z[0m [31mERROR[0m [2mglazewm[0m[2m:[0m channel closed
[2m2025-06-02T01:23:05.718674Z[0m [31mERROR[0m [2mglazewm[0m[2m:[0m channel closed
[2m2025-06-02T01:23:06.045616Z[0m [31mERROR[0m [2mglazewm[0m[2m:[0m channel closed
[2m2025-06-02T01:23:06.450165Z[0m [31mERROR[0m [2mglazewm[0m[2m:[0m channel closed
[2m2025-06-02T01:23:06.829019Z[0m [31mERROR[0m [2mglazewm[0m[2m:[0m channel closed
[2m2025-06-02T01:23:07.067767Z[0m [31mERROR[0m [2mglazewm[0m[2m:[0m channel closed
[2m2025-06-02T01:23:07.380110Z[0m [31mERROR[0m [2mglazewm[0m[2m:[0m channel closed
[2m2025-06-02T01:23:07.644802Z[0m [31mERROR[0m [2mglazewm[0m[2m:[0m channel closed
[2m2025-06-02T01:23:07.860394Z[0m [31mERROR[0m [2mglazewm[0m[2m:[0m channel closed
[2m2025-06-02T01:23:08.098738Z[0m [31mERROR[0m [2mglazewm[0m[2m:[0m channel closed
[2m2025-06-02T01:23:08.314169Z[0m [31mERROR[0m [2mglazewm[0m[2m:[0m channel closed
[2m2025-06-02T01:23:08.494012Z[0m [31mERROR[0m [2mglazewm[0m[2m:[0m channel closed
[2m2025-06-02T01:23:08.726121Z[0m [31mERROR[0m [2mglazewm[0m[2m:[0m channel closed
[2m2025-06-02T01:23:09.032056Z[0m [31mERROR[0m [2mglazewm[0m[2m:[0m channel closed
[2m2025-06-02T01:23:09.332835Z[0m [31mERROR[0m [2mglazewm[0m[2m:[0m channel closed
[2m2025-06-02T01:23:09.616117Z[0m [31mERROR[0m [2mglazewm[0m[2m:[0m channel closed
[2m2025-06-02T01:23:09.950398Z[0m [31mERROR[0m [2mglazewm[0m[2m:[0m channel closed
[2m2025-06-02T01:23:10.141166Z[0m [31mERROR[0m [2mglazewm[0m[2m:[0m channel closed
[2m2025-06-02T01:23:10.389203Z[0m [31mERROR[0m [2mglazewm[0m[2m:[0m channel closed
[2m2025-06-02T01:23:10.603507Z[0m [31mERROR[0m [2mglazewm[0m[2m:[0m channel closed
[2m2025-06-02T01:23:10.812202Z[0m [31mERROR[0m [2mglazewm[0m[2m:[0m channel closed
[2m2025-06-02T01:23:11.013339Z[0m [31mERROR[0m [2mglazewm[0m[2m:[0m channel closed
[2m2025-06-02T01:23:11.224020Z[0m [31mERROR[0m [2mglazewm[0m[2m:[0m channel closed
[2m2025-06-02T01:23:11.429966Z[0m [31mERROR[0m [2mglazewm[0m[2m:[0m channel closed
[2m2025-06-02T01:23:11.652162Z[0m [31mERROR[0m [2mglazewm[0m[2m:[0m channel closed
[2m2025-06-02T01:23:11.865192Z[0m [31mERROR[0m [2mglazewm[0m[2m:[0m channel closed
[2m2025-06-02T01:23:12.090017Z[0m [31mERROR[0m [2mglazewm[0m[2m:[0m channel closed
[2m2025-06-02T01:23:12.312203Z[0m [31mERROR[0m [2mglazewm[0m[2m:[0m channel closed
[2m2025-06-02T01:23:12.536060Z[0m [31mERROR[0m [2mglazewm[0m[2m:[0m channel closed
[2m2025-06-02T01:23:12.743360Z[0m [31mERROR[0m [2mglazewm[0m[2m:[0m channel closed
[2m2025-06-02T01:23:12.996748Z[0m [31mERROR[0m [2mglazewm[0m[2m:[0m channel closed
[2m2025-06-02T01:23:13.469730Z[0m [31mERROR[0m [2mglazewm[0m[2m:[0m channel closed
[2m2025-06-02T01:23:18.560361Z[0m [31mERROR[0m [2mglazewm[0m[2m:[0m channel closed
[2m2025-06-02T01:23:18.872112Z[0m [31mERROR[0m [2mglazewm[0m[2m:[0m channel closed
[2m2025-06-02T01:23:19.148464Z[0m [31mERROR[0m [2mglazewm[0m[2m:[0m channel closed
[2m2025-06-02T01:23:19.788413Z[0m [31mERROR[0m [2mglazewm[0m[2m:[0m channel closed
[2m2025-06-02T01:23:20.074110Z[0m [31mERROR[0m [2mglazewm[0m[2m:[0m channel closed
[2m2025-06-02T01:23:20.366831Z[0m [31mERROR[0m [2mglazewm[0m[2m:[0m channel closed
[2m2025-06-02T01:23:20.832130Z[0m [31mERROR[0m [2mglazewm[0m[2m:[0m channel closed
[2m2025-06-02T01:23:21.266008Z[0m [31mERROR[0m [2mglazewm[0m[2m:[0m channel closed
[2m2025-06-02T01:23:21.725394Z[0m [31mERROR[0m [2mglazewm[0m[2m:[0m channel closed
[2m2025-06-02T01:23:22.068759Z[0m [31mERROR[0m [2mglazewm[0m[2m:[0m channel closed
[2m2025-06-02T01:23:22.333656Z[0m [31mERROR[0m [2mglazewm[0m[2m:[0m channel closed
[2m2025-06-02T01:23:22.552300Z[0m [31mERROR[0m [2mglazewm[0m[2m:[0m channel closed
[2m2025-06-02T01:23:22.777887Z[0m [31mERROR[0m [2mglazewm[0m[2m:[0m channel closed
[2m2025-06-02T01:23:23.036333Z[0m [31mERROR[0m [2mglazewm[0m[2m:[0m channel closed
[2m2025-06-02T01:23:23.279583Z[0m [31mERROR[0m [2mglazewm[0m[2m:[0m channel closed
[2m2025-06-02T01:23:23.508827Z[0m [31mERROR[0m [2mglazewm[0m[2m:[0m channel closed
[2m2025-06-02T01:23:23.762576Z[0m [31mERROR[0m [2mglazewm[0m[2m:[0m channel closed
[2m2025-06-02T01:23:24.024724Z[0m [31mERROR[0m [2mglazewm[0m[2m:[0m channel closed
[2m2025-06-02T01:23:24.466717Z[0m [31mERROR[0m [2mglazewm[0m[2m:[0m channel closed
[2m2025-06-02T01:23:24.680347Z[0m [31mERROR[0m [2mglazewm[0m[2m:[0m channel closed
[2m2025-06-02T01:23:25.029170Z[0m [31mERROR[0m [2mglazewm[0m[2m:[0m channel closed
[2m2025-06-02T01:23:25.394051Z[0m [31mERROR[0m [2mglazewm[0m[2m:[0m channel closed
[2m2025-06-02T01:23:25.661500Z[0m [31mERROR[0m [2mglazewm[0m[2m:[0m channel closed
[2m2025-06-02T01:23:26.144038Z[0m [31mERROR[0m [2mglazewm[0m[2m:[0m channel closed
[2m2025-06-02T01:23:26.608920Z[0m [31mERROR[0m [2mglazewm[0m[2m:[0m channel closed
[2m2025-06-02T01:23:27.069479Z[0m [31mERROR[0m [2mglazewm[0m[2m:[0m channel closed
[2m2025-06-02T01:23:27.328963Z[0m [31mERROR[0m [2mglazewm[0m[2m:[0m channel closed
[2m2025-06-02T01:23:27.556359Z[0m [31mERROR[0m [2mglazewm[0m[2m:[0m channel closed
[2m2025-06-02T01:23:28.476055Z[0m [31mERROR[0m [2mglazewm[0m[2m:[0m channel closed
[2m2025-06-02T01:23:29.446918Z[0m [31mERROR[0m [2mglazewm[0m[2m:[0m channel closed
[2m2025-06-02T01:23:29.916542Z[0m [31mERROR[0m [2mglazewm[0m[2m:[0m channel closed
[2m2025-06-02T01:23:30.362543Z[0m [31mERROR[0m [2mglazewm[0m[2m:[0m channel closed
[2m2025-06-02T01:23:30.783147Z[0m [31mERROR[0m [2mglazewm[0m[2m:[0m channel closed
[2m2025-06-02T01:23:31.210939Z[0m [31mERROR[0m [2mglazewm[0m[2m:[0m channel closed
[2m2025-06-02T01:23:31.715564Z[0m [31mERROR[0m [2mglazewm[0m[2m:[0m channel closed
[2m2025-06-02T01:23:32.221236Z[0m [31mERROR[0m [2mglazewm[0m[2m:[0m channel closed
[2m2025-06-16T15:55:04.220407Z[0m [31mERROR[0m [2mglazewm[0m[2m:[0m channel closed
[2m2025-06-16T19:17:50.125432Z[0m [31mERROR[0m [2mglazewm[0m[2m:[0m channel closed
[2m2025-06-16T19:17:55.645844Z[0m [31mERROR[0m [2mglazewm[0m[2m:[0m channel closed
[2m2025-06-16T19:17:56.187749Z[0m [31mERROR[0m [2mglazewm[0m[2m:[0m channel closed
[2m2025-06-16T19:17:56.437238Z[0m [31mERROR[0m [2mglazewm[0m[2m:[0m channel closed
[2m2025-06-16T19:17:56.706635Z[0m [31mERROR[0m [2mglazewm[0m[2m:[0m channel closed
[2m2025-06-16T19:17:56.872523Z[0m [31mERROR[0m [2mglazewm[0m[2m:[0m channel closed
[2m2025-06-16T19:17:57.097047Z[0m [31mERROR[0m [2mglazewm[0m[2m:[0m channel closed
[2m2025-06-16T19:17:57.305953Z[0m [31mERROR[0m [2mglazewm[0m[2m:[0m channel closed
[2m2025-06-16T19:17:57.504276Z[0m [31mERROR[0m [2mglazewm[0m[2m:[0m channel closed
[2m2025-06-16T19:17:57.699309Z[0m [31mERROR[0m [2mglazewm[0m[2m:[0m channel closed
[2m2025-06-16T19:17:57.937183Z[0m [31mERROR[0m [2mglazewm[0m[2m:[0m channel closed
[2m2025-06-16T19:17:58.120809Z[0m [31mERROR[0m [2mglazewm[0m[2m:[0m channel closed
[2m2025-06-16T19:17:58.307616Z[0m [31mERROR[0m [2mglazewm[0m[2m:[0m channel closed
[2m2025-06-16T19:17:58.513879Z[0m [31mERROR[0m [2mglazewm[0m[2m:[0m channel closed
[2m2025-06-16T19:17:58.721980Z[0m [31mERROR[0m [2mglazewm[0m[2m:[0m channel closed
[2m2025-06-16T19:17:58.905311Z[0m [31mERROR[0m [2mglazewm[0m[2m:[0m channel closed
[2m2025-06-16T19:17:59.098727Z[0m [31mERROR[0m [2mglazewm[0m[2m:[0m channel closed
[2m2025-06-16T19:17:59.269024Z[0m [31mERROR[0m [2mglazewm[0m[2m:[0m channel closed
[2m2025-06-16T19:17:59.460322Z[0m [31mERROR[0m [2mglazewm[0m[2m:[0m channel closed
[2m2025-06-18T22:51:22.206104Z[0m [31mERROR[0m [2mglazewm[0m[2m:[0m Another instance of the application is already running.
[2m2025-06-19T08:13:22.747231Z[0m [31mERROR[0m [2mglazewm[0m[2m:[0m channel closed
[2m2025-06-19T13:29:17.277124Z[0m [31mERROR[0m [2mglazewm[0m[2m:[0m channel closed
[2m2025-06-19T13:29:32.673236Z[0m [31mERROR[0m [2mglazewm[0m[2m:[0m channel closed
[2m2025-06-19T13:31:13.708069Z[0m [31mERROR[0m [2mglazewm[0m[2m:[0m channel closed
[2m2025-06-19T13:31:22.332769Z[0m [31mERROR[0m [2mglazewm[0m[2m:[0m channel closed
[2m2025-06-19T13:31:23.706289Z[0m [31mERROR[0m [2mglazewm[0m[2m:[0m channel closed
[2m2025-06-19T13:31:24.111660Z[0m [31mERROR[0m [2mglazewm[0m[2m:[0m channel closed
[2m2025-06-20T10:11:13.437812Z[0m [31mERROR[0m [2mglazewm[0m[2m:[0m channel closed
[2m2025-06-20T17:09:08.178307Z[0m [31mERROR[0m [2mglazewm[0m[2m:[0m channel closed
[2m2025-06-20T17:09:09.371513Z[0m [31mERROR[0m [2mglazewm[0m[2m:[0m channel closed
[2m2025-06-20T17:09:09.888178Z[0m [31mERROR[0m [2mglazewm[0m[2m:[0m channel closed
[2m2025-06-20T17:09:10.093289Z[0m [31mERROR[0m [2mglazewm[0m[2m:[0m channel closed
[2m2025-06-20T17:09:10.293842Z[0m [31mERROR[0m [2mglazewm[0m[2m:[0m channel closed
[2m2025-06-20T17:09:10.475590Z[0m [31mERROR[0m [2mglazewm[0m[2m:[0m channel closed
[2m2025-06-20T17:09:10.632445Z[0m [31mERROR[0m [2mglazewm[0m[2m:[0m channel closed
[2m2025-06-20T17:09:10.834217Z[0m [31mERROR[0m [2mglazewm[0m[2m:[0m channel closed
[2m2025-06-22T14:49:13.676999Z[0m [31mERROR[0m [2mglazewm[0m[2m:[0m channel closed
[2m2025-06-25T17:24:23.076162Z[0m [31mERROR[0m [2mglazewm[0m[2m:[0m channel closed
[2m2025-06-25T17:25:17.361363Z[0m [31mERROR[0m [2mglazewm[0m[2m:[0m channel closed
[2m2025-06-28T06:54:52.695427Z[0m [31mERROR[0m [2mglazewm[0m[2m:[0m channel closed
[2m2025-06-28T16:39:38.623915Z[0m [31mERROR[0m [2mglazewm[0m[2m:[0m channel closed
[2m2025-06-28T16:39:48.559134Z[0m [31mERROR[0m [2mglazewm[0m[2m:[0m channel closed
[2m2025-06-28T16:39:50.445676Z[0m [31mERROR[0m [2mglazewm[0m[2m:[0m channel closed
[2m2025-06-28T18:29:23.235270Z[0m [31mERROR[0m [2mglazewm[0m[2m:[0m channel closed
[2m2025-06-28T18:29:31.537950Z[0m [31mERROR[0m [2mglazewm[0m[2m:[0m channel closed
[2m2025-06-28T18:29:32.411380Z[0m [31mERROR[0m [2mglazewm[0m[2m:[0m channel closed
[2m2025-06-28T18:29:32.997251Z[0m [31mERROR[0m [2mglazewm[0m[2m:[0m channel closed
[2m2025-07-04T04:59:45.008642Z[0m [31mERROR[0m [2mglazewm[0m[2m:[0m channel closed
[2m2025-07-04T16:07:13.809203Z[0m [31mERROR[0m [2mglazewm[0m[2m:[0m channel closed
[2m2025-07-04T16:07:15.014229Z[0m [31mERROR[0m [2mglazewm[0m[2m:[0m channel closed
[2m2025-07-04T16:07:15.389969Z[0m [31mERROR[0m [2mglazewm[0m[2m:[0m channel closed
[2m2025-07-09T16:28:23.692129Z[0m [31mERROR[0m [2mglazewm[0m[2m:[0m Another instance of the application is already running.
[2m2025-07-11T15:06:00.460064Z[0m [31mERROR[0m [2mglazewm[0m[2m:[0m channel closed
[2m2025-07-16T16:16:57.787812Z[0m [31mERROR[0m [2mglazewm[0m[2m:[0m channel closed
[2m2025-07-16T17:47:42.960576Z[0m [31mERROR[0m [2mglazewm[0m[2m:[0m channel closed
[2m2025-07-16T17:47:44.521660Z[0m [31mERROR[0m [2mglazewm[0m[2m:[0m channel closed
[2m2025-07-16T17:47:45.377476Z[0m [31mERROR[0m [2mglazewm[0m[2m:[0m channel closed
[2m2025-07-16T17:47:45.819385Z[0m [31mERROR[0m [2mglazewm[0m[2m:[0m channel closed
[2m2025-07-16T17:47:46.056010Z[0m [31mERROR[0m [2mglazewm[0m[2m:[0m channel closed
[2m2025-07-16T17:48:05.336572Z[0m [31mERROR[0m [2mglazewm[0m[2m:[0m channel closed
[2m2025-07-16T17:48:05.871352Z[0m [31mERROR[0m [2mglazewm[0m[2m:[0m channel closed
[2m2025-07-18T10:43:43.337518Z[0m [31mERROR[0m [2mglazewm[0m[2m:[0m channel closed
[2m2025-07-18T11:19:49.806302Z[0m [31mERROR[0m [2mglazewm[0m[2m:[0m channel closed
[2m2025-07-18T11:20:25.713736Z[0m [31mERROR[0m [2mglazewm[0m[2m:[0m channel closed
[2m2025-07-23T15:58:11.329847Z[0m [31mERROR[0m [2mglazewm[0m[2m:[0m channel closed
[2m2025-07-24T00:36:18.383899Z[0m [31mERROR[0m [2mglazewm[0m[2m:[0m Invalid window handle. (0x80070578)
[2m2025-07-24T00:36:36.297978Z[0m [31mERROR[0m [2mglazewm[0m[2m:[0m Invalid window handle. (0x80070578)
[2m2025-07-24T00:36:36.625719Z[0m [31mERROR[0m [2mglazewm[0m[2m:[0m Invalid window handle. (0x80070578)
[2m2025-07-24T00:36:37.146872Z[0m [31mERROR[0m [2mglazewm[0m[2m:[0m Invalid window handle. (0x80070578)
[2m2025-07-24T00:36:37.520771Z[0m [31mERROR[0m [2mglazewm[0m[2m:[0m Invalid window handle. (0x80070578)
[2m2025-07-24T00:36:38.106395Z[0m [31mERROR[0m [2mglazewm[0m[2m:[0m Invalid window handle. (0x80070578)
[2m2025-07-24T00:36:38.843269Z[0m [31mERROR[0m [2mglazewm[0m[2m:[0m Invalid window handle. (0x80070578)
[2m2025-07-24T00:36:39.329165Z[0m [31mERROR[0m [2mglazewm[0m[2m:[0m Invalid window handle. (0x80070578)
[2m2025-07-24T00:36:39.534767Z[0m [31mERROR[0m [2mglazewm[0m[2m:[0m Invalid window handle. (0x80070578)
[2m2025-07-24T00:36:39.821009Z[0m [31mERROR[0m [2mglazewm[0m[2m:[0m Invalid window handle. (0x80070578)
[2m2025-07-24T00:36:40.183690Z[0m [31mERROR[0m [2mglazewm[0m[2m:[0m Invalid window handle. (0x80070578)
[2m2025-07-24T00:36:40.384830Z[0m [31mERROR[0m [2mglazewm[0m[2m:[0m Invalid window handle. (0x80070578)
[2m2025-07-24T00:36:40.576924Z[0m [31mERROR[0m [2mglazewm[0m[2m:[0m Invalid window handle. (0x80070578)
[2m2025-07-24T00:36:40.757238Z[0m [31mERROR[0m [2mglazewm[0m[2m:[0m Invalid window handle. (0x80070578)
[2m2025-07-24T00:36:40.969028Z[0m [31mERROR[0m [2mglazewm[0m[2m:[0m Invalid window handle. (0x80070578)
[2m2025-07-24T00:36:41.332452Z[0m [31mERROR[0m [2mglazewm[0m[2m:[0m Invalid window handle. (0x80070578)
[2m2025-07-24T00:36:41.722458Z[0m [31mERROR[0m [2mglazewm[0m[2m:[0m Invalid window handle. (0x80070578)
[2m2025-07-24T00:36:41.924928Z[0m [31mERROR[0m [2mglazewm[0m[2m:[0m Invalid window handle. (0x80070578)
[2m2025-07-24T00:36:42.276143Z[0m [31mERROR[0m [2mglazewm[0m[2m:[0m Invalid window handle. (0x80070578)
[2m2025-07-24T00:36:42.484199Z[0m [31mERROR[0m [2mglazewm[0m[2m:[0m Invalid window handle. (0x80070578)
[2m2025-07-24T00:36:42.862857Z[0m [31mERROR[0m [2mglazewm[0m[2m:[0m Invalid window handle. (0x80070578)
[2m2025-07-24T00:36:43.068862Z[0m [31mERROR[0m [2mglazewm[0m[2m:[0m Invalid window handle. (0x80070578)
[2m2025-07-24T00:36:43.445639Z[0m [31mERROR[0m [2mglazewm[0m[2m:[0m Invalid window handle. (0x80070578)
[2m2025-07-24T00:36:43.860011Z[0m [31mERROR[0m [2mglazewm[0m[2m:[0m Invalid window handle. (0x80070578)
[2m2025-07-24T00:36:44.229190Z[0m [31mERROR[0m [2mglazewm[0m[2m:[0m Invalid window handle. (0x80070578)
[2m2025-07-24T00:36:44.600154Z[0m [31mERROR[0m [2mglazewm[0m[2m:[0m Invalid window handle. (0x80070578)
[2m2025-07-24T00:36:44.802533Z[0m [31mERROR[0m [2mglazewm[0m[2m:[0m Invalid window handle. (0x80070578)
[2m2025-07-24T00:36:45.193469Z[0m [31mERROR[0m [2mglazewm[0m[2m:[0m Invalid window handle. (0x80070578)
[2m2025-07-24T00:36:45.416853Z[0m [31mERROR[0m [2mglazewm[0m[2m:[0m Invalid window handle. (0x80070578)
[2m2025-07-24T00:36:45.636474Z[0m [31mERROR[0m [2mglazewm[0m[2m:[0m Invalid window handle. (0x80070578)
[2m2025-07-24T00:36:46.674556Z[0m [31mERROR[0m [2mglazewm[0m[2m:[0m Invalid window handle. (0x80070578)
[2m2025-07-24T00:36:50.520335Z[0m [31mERROR[0m [2mglazewm[0m[2m:[0m Invalid window handle. (0x80070578)
[2m2025-07-24T00:36:51.516033Z[0m [31mERROR[0m [2mglazewm[0m[2m:[0m Invalid window handle. (0x80070578)
[2m2025-07-24T00:36:52.109154Z[0m [31mERROR[0m [2mglazewm[0m[2m:[0m Invalid window handle. (0x80070578)
[2m2025-07-24T00:36:52.314717Z[0m [31mERROR[0m [2mglazewm[0m[2m:[0m Invalid window handle. (0x80070578)
[2m2025-07-24T00:36:52.691998Z[0m [31mERROR[0m [2mglazewm[0m[2m:[0m Invalid window handle. (0x80070578)
[2m2025-07-24T00:36:53.057344Z[0m [31mERROR[0m [2mglazewm[0m[2m:[0m Invalid window handle. (0x80070578)
[2m2025-07-24T00:37:03.501304Z[0m [31mERROR[0m [2mglazewm[0m[2m:[0m Invalid window handle. (0x80070578)
[2m2025-08-02T08:14:24.914398Z[0m [31mERROR[0m [2mglazewm[0m[2m:[0m Failed to send response: channel closed
